# SSL/TLS secrets log file, generated by NSS
CLIENT_HANDSHAKE_TRAFFIC_SECRET f3d49e981a229df18e1965daf1be15ce0ddf910e5578fbba45454c6921272cc7 1f649a11ce866b61d40ccc008b0488fef287e95b891b81653b91e909606e722f
SERVER_HANDSHAKE_TRAFFIC_SECRET f3d49e981a229df18e1965daf1be15ce0ddf910e5578fbba45454c6921272cc7 14cb33787af99462bb112c61e25d24c556b64e1c519fe0c251541dbc527a2a88
CLIENT_HANDSHAKE_TRAFFIC_SECRET 4afcf875760a36e7652092fa55b1274cfbb34e50af86e30c0af3d60800349cfe b6e22fbc50614246bbf0560678ef40d008dba3459b9f5fc28a0759e160d933a3
SERVER_HANDSHAKE_TRAFFIC_SECRET 4afcf875760a36e7652092fa55b1274cfbb34e50af86e30c0af3d60800349cfe b6797caa6f097c942949b6b4cc6d50dc56540f48ff88f4d8e6c05862d1b33bd9
CLIENT_HANDSHAKE_TRAFFIC_SECRET ae60f958870670389aa44266e2831b517cd2e3caafe395bd1b9736dab40993cb dda776ad01c17165a50c71fda38efd3659c6c31cc8fa5081214023c4babc4e75
SERVER_HANDSHAKE_TRAFFIC_SECRET ae60f958870670389aa44266e2831b517cd2e3caafe395bd1b9736dab40993cb dbfe7fea876985c2b91c1f9de581b87d14f1733e40895828fa66e576f08c55cb
CLIENT_HANDSHAKE_TRAFFIC_SECRET 900def58fa7ef1458db75cb46a63c41202908c87a2bd0074046d26257da7c6a5 47f239679fc77938a1344d07e31d5e3dfcd2f3f31685dae8f023b81fc304e4e5
SERVER_HANDSHAKE_TRAFFIC_SECRET 900def58fa7ef1458db75cb46a63c41202908c87a2bd0074046d26257da7c6a5 77699b4d95e8202603f5b69a2cf92e13a59e19ae3ae7ae92381fbab0c173aa58
CLIENT_HANDSHAKE_TRAFFIC_SECRET 98106812777067f887e5fae62a3442cb2ac89188b0e579ee104b88b91e5f9ea6 1a86a3ff58ad3b1060d2f62e578717a6cc42abe95454db41fb777e8367e164ec
SERVER_HANDSHAKE_TRAFFIC_SECRET 98106812777067f887e5fae62a3442cb2ac89188b0e579ee104b88b91e5f9ea6 27b9f2ccf043bf66dd6e99dcc0d48aa5fafc4a9298645877397de1477dd17e00
CLIENT_HANDSHAKE_TRAFFIC_SECRET 43204c4f7c42c1d9181c247970cab71e19d8575cc547a4a3b90f3f2a98ff46aa 8763b03279d8b5be4a1136c642afcd207d3380c44693636e160c542b17c7d299
SERVER_HANDSHAKE_TRAFFIC_SECRET 43204c4f7c42c1d9181c247970cab71e19d8575cc547a4a3b90f3f2a98ff46aa f9e5daa25756acac6cc955107849fdb4282d4dde03d7fcbd0b47b2bd14548ade
CLIENT_HANDSHAKE_TRAFFIC_SECRET 04ccde75f1e8c3b672173fbc0443ebbebc8b3ca6e1f979cdf0aeacc915bca1bc 2aa39ecb5f026031a7acbfae70f00e3a52f82be42e2806b3f463a5b00a24dbb4
SERVER_HANDSHAKE_TRAFFIC_SECRET 04ccde75f1e8c3b672173fbc0443ebbebc8b3ca6e1f979cdf0aeacc915bca1bc de7df342445b359b8ee814ccb7f5f5f918aae5610d96adf9bcfcc971094622ae
CLIENT_HANDSHAKE_TRAFFIC_SECRET a3934aefa6d34398e9fb5cc15f8fa23661e6fa768848c0bd254bc023799db75b e6b43f677dccb57aa486e80f45cad41061ac9377aae9eb8feabfb48f4a4ffe54
SERVER_HANDSHAKE_TRAFFIC_SECRET a3934aefa6d34398e9fb5cc15f8fa23661e6fa768848c0bd254bc023799db75b a8b098597ed73745f2d5ad88ea2f3e706a9bb110ed11ee46881b0513626f9c2b
CLIENT_HANDSHAKE_TRAFFIC_SECRET db87758ac624460fe09da3b882ac5a8f1f3b1b3588204c991c238eaf014218dd 367622f19ef5e814a6f2a5d0acab64074faa7c1cc9585226f486c1502f10c3d1
SERVER_HANDSHAKE_TRAFFIC_SECRET db87758ac624460fe09da3b882ac5a8f1f3b1b3588204c991c238eaf014218dd 324790ac6fba64aab71686e081eb6b90b2f8a2f7cbad4c95e829509fa9b59b9d
CLIENT_HANDSHAKE_TRAFFIC_SECRET 996644791d751a1a268a6565ffbd69db5f804d56c002b6efd94f4fd0370b00b2 b9861e55d994941850c8f72e8c046771eeb5636e40a1050c3f4ee3ea30096e75
SERVER_HANDSHAKE_TRAFFIC_SECRET 996644791d751a1a268a6565ffbd69db5f804d56c002b6efd94f4fd0370b00b2 0d8a64bc2d898b336d4fccadc458ed71d9dcf4af8df40a1d0fb1a1486efc0cf0
CLIENT_HANDSHAKE_TRAFFIC_SECRET f6a4c3641bde10ef94790d2ae4472bfd282f61bfd3cabb65c9327ee75981cace 01a84773f175ca9e0086a7745e1d40d17493db9a2a1f5eccd6208b7a23fa7db9
SERVER_HANDSHAKE_TRAFFIC_SECRET f6a4c3641bde10ef94790d2ae4472bfd282f61bfd3cabb65c9327ee75981cace b0598a9646ebc31ae56820f682c5564b1dacd163b5c88295892281e2e3102626
CLIENT_HANDSHAKE_TRAFFIC_SECRET 9b9c6efbd4c6403dad50833aa42b5916c58f6cb502df104673c399a1bbde82ca fe5dbbd6a8500b3795c2d7341b7045c03651de37b86aab97df23efc28fa6cffd
SERVER_HANDSHAKE_TRAFFIC_SECRET 9b9c6efbd4c6403dad50833aa42b5916c58f6cb502df104673c399a1bbde82ca c3f7b553c77258b4a670f7463a9c9c5eb36e9ccd92264bb4ea1d3264615c1f17
CLIENT_TRAFFIC_SECRET_0 4afcf875760a36e7652092fa55b1274cfbb34e50af86e30c0af3d60800349cfe 4f654f4e054c5a72e27cea5fb9d665b43c73ec13a27db870f2bee96fe8a56748
SERVER_TRAFFIC_SECRET_0 4afcf875760a36e7652092fa55b1274cfbb34e50af86e30c0af3d60800349cfe c1976207d989c892b2b4eba1435a16bec6a1ccda0fc937460642fb6aaec1d38d
EXPORTER_SECRET 4afcf875760a36e7652092fa55b1274cfbb34e50af86e30c0af3d60800349cfe b04a2f6847b5545fe0a21a6685c4f427323b6e8a0793a02460899a21f816e3be
CLIENT_TRAFFIC_SECRET_0 ae60f958870670389aa44266e2831b517cd2e3caafe395bd1b9736dab40993cb 908fcf915cfb27c2de06da5423dc679a31391c36c5a0e640a53c51895d477458
SERVER_TRAFFIC_SECRET_0 ae60f958870670389aa44266e2831b517cd2e3caafe395bd1b9736dab40993cb 09ea43534f9feb22718b5af505053de58d0d3f80ac424c5f90756387b7ef2a4d
EXPORTER_SECRET ae60f958870670389aa44266e2831b517cd2e3caafe395bd1b9736dab40993cb ac20563875f4927b804631144cd1819d6619522092ccb3e811cf4128a14d2c87
CLIENT_TRAFFIC_SECRET_0 f3d49e981a229df18e1965daf1be15ce0ddf910e5578fbba45454c6921272cc7 7ed4a9c82c8ffa54c97f129eff589c8d0455cc9d93cd6e6ecaf41c4800941746
SERVER_TRAFFIC_SECRET_0 f3d49e981a229df18e1965daf1be15ce0ddf910e5578fbba45454c6921272cc7 0d5df8a59d9e7cc2247bd72c475872bbfb054c78a72b0b444f1a8dd600b54bd5
EXPORTER_SECRET f3d49e981a229df18e1965daf1be15ce0ddf910e5578fbba45454c6921272cc7 a4a7c00781c35113a938c71ec687b2a920cf6426b704c2c2c3fff50808943b6f
CLIENT_TRAFFIC_SECRET_0 900def58fa7ef1458db75cb46a63c41202908c87a2bd0074046d26257da7c6a5 723533939b732cea0f0df172d363234894c13ed4c7cefb14ecd107c912cb2e04
SERVER_TRAFFIC_SECRET_0 900def58fa7ef1458db75cb46a63c41202908c87a2bd0074046d26257da7c6a5 543c3bd1dca76f3acbe8665720db504091c8d0a2d587dc0ac4b4f3ddf65fd7e2
EXPORTER_SECRET 900def58fa7ef1458db75cb46a63c41202908c87a2bd0074046d26257da7c6a5 8d0453c0ccfa12e475e238ff0117c6968b8b2f7f4888df76f42b8d8405934c64
CLIENT_TRAFFIC_SECRET_0 43204c4f7c42c1d9181c247970cab71e19d8575cc547a4a3b90f3f2a98ff46aa 7ef59ff291f27921498b4d27930a59f5985b0d91d734c6735c0666eb01af8415
SERVER_TRAFFIC_SECRET_0 43204c4f7c42c1d9181c247970cab71e19d8575cc547a4a3b90f3f2a98ff46aa d0a90a3ed92f5846a53d453aa10353c07ed6ba51815df3348a150dd2d151533a
EXPORTER_SECRET 43204c4f7c42c1d9181c247970cab71e19d8575cc547a4a3b90f3f2a98ff46aa e38283da28484b322e9f2f6e2cdf0731872b58fa072f07127ff3cae393f4833a
CLIENT_HANDSHAKE_TRAFFIC_SECRET 7335c13328b8d4be4f211786cf3896947e6071989be99d7f914abb5dc565e993 c24942cc382eab65b79cd7f1ab535fbd4c9d6dc52a7ac4c1d4819d4c193b72f5
SERVER_HANDSHAKE_TRAFFIC_SECRET 7335c13328b8d4be4f211786cf3896947e6071989be99d7f914abb5dc565e993 fa08c913864b4c4ad45c42af00834828f1e1bc0aca8a50b8c82d80a9c77c0f75
CLIENT_TRAFFIC_SECRET_0 98106812777067f887e5fae62a3442cb2ac89188b0e579ee104b88b91e5f9ea6 d1c94c6053d34c5df47a66a2de522fa319762dccc4c6c226a10a5606f16451f2
SERVER_TRAFFIC_SECRET_0 98106812777067f887e5fae62a3442cb2ac89188b0e579ee104b88b91e5f9ea6 804f903c456e6789b06ad253df45907977d949373c2e62d8824a367bbd7b9d89
EXPORTER_SECRET 98106812777067f887e5fae62a3442cb2ac89188b0e579ee104b88b91e5f9ea6 d9aeec53a7fcda5dcdf1969fd8a27028fbcbb14996e7c77ddaa86bff250af6a0
CLIENT_TRAFFIC_SECRET_0 04ccde75f1e8c3b672173fbc0443ebbebc8b3ca6e1f979cdf0aeacc915bca1bc 40a45f141cea396346fd4180a271edbeee229218f478b9d0a915b68722c116ee
SERVER_TRAFFIC_SECRET_0 04ccde75f1e8c3b672173fbc0443ebbebc8b3ca6e1f979cdf0aeacc915bca1bc 67ef2455f2250b7cbade00f0ccb0cd5ac2fcc2cd4474113a71659c1de7be55c3
EXPORTER_SECRET 04ccde75f1e8c3b672173fbc0443ebbebc8b3ca6e1f979cdf0aeacc915bca1bc ab5eda8df3ff3bdf88d29814c1914f64513db8d1c46b65c8e8238b5e0aeb322e
CLIENT_TRAFFIC_SECRET_0 a3934aefa6d34398e9fb5cc15f8fa23661e6fa768848c0bd254bc023799db75b 50ef827694cf37c4218b3eb0198974dde6e621a640742c9d6f6dd9267475d4fa
SERVER_TRAFFIC_SECRET_0 a3934aefa6d34398e9fb5cc15f8fa23661e6fa768848c0bd254bc023799db75b a9bcd81849a102049a4dd4619e3e000dc08ae6f3e42ff940cdf94175104b45f5
EXPORTER_SECRET a3934aefa6d34398e9fb5cc15f8fa23661e6fa768848c0bd254bc023799db75b f60c478eda9fde32806256f0059ff8d99aeb7a20ba33fc3b97f3e90c02f8cb72
CLIENT_TRAFFIC_SECRET_0 db87758ac624460fe09da3b882ac5a8f1f3b1b3588204c991c238eaf014218dd 55e2920988d8ca93ad1a2b51c469dd8db794914d5dba3523fd9d2e9099b78d79
SERVER_TRAFFIC_SECRET_0 db87758ac624460fe09da3b882ac5a8f1f3b1b3588204c991c238eaf014218dd 483b099d480dfce3cc2f0fc93adba0fb6e5b98ce85c338e40c06e3e4e419471c
EXPORTER_SECRET db87758ac624460fe09da3b882ac5a8f1f3b1b3588204c991c238eaf014218dd ff8cf2be08e44f703156be35fcb5cdb8b8815e01a845f4078604f992a82c29fb
CLIENT_HANDSHAKE_TRAFFIC_SECRET 0f6d099c9ff5d2abf10f01612865f742dba76d1868ed526348b4478629ea9a06 6d113f10479ef7a6ea8bbba3c1d19169e7e74621a809306014a07ffc70264ec4
SERVER_HANDSHAKE_TRAFFIC_SECRET 0f6d099c9ff5d2abf10f01612865f742dba76d1868ed526348b4478629ea9a06 24979fa8a089d122146dbb9e7a44c18c38059f605b1302147a34ca635423f17a
CLIENT_HANDSHAKE_TRAFFIC_SECRET 3932860c6fccf38e6ebfa6b45e035d7a2cadc405b220e8e1b26ee86d391853c2 05c1301d9596beb0287fba466f77f3c2260f272727ab2f26cbb753b250751b70
SERVER_HANDSHAKE_TRAFFIC_SECRET 3932860c6fccf38e6ebfa6b45e035d7a2cadc405b220e8e1b26ee86d391853c2 8dbfbc5ca1df1a326806b3d84078d26f44eafa94835d770e69c6da419818c883
CLIENT_TRAFFIC_SECRET_0 996644791d751a1a268a6565ffbd69db5f804d56c002b6efd94f4fd0370b00b2 0fc2bf444d2e27bad0114ab8fc326fc6961568bc2a785eabbfe5acfe0ea56b24
SERVER_TRAFFIC_SECRET_0 996644791d751a1a268a6565ffbd69db5f804d56c002b6efd94f4fd0370b00b2 cafc96e6d2efcfd9301bd44fe6c0744bbdeb85ada8cd220232dd4244880841ee
EXPORTER_SECRET 996644791d751a1a268a6565ffbd69db5f804d56c002b6efd94f4fd0370b00b2 64a1e1a05e82e61f3b1ff619f816f7bef793a77e331d659ada5f2fc3b50baf27
CLIENT_TRAFFIC_SECRET_0 7335c13328b8d4be4f211786cf3896947e6071989be99d7f914abb5dc565e993 4b58aa01f24daff987ed67835a690a7ddaf36a240eb54c72037eccd4267f96cd
SERVER_TRAFFIC_SECRET_0 7335c13328b8d4be4f211786cf3896947e6071989be99d7f914abb5dc565e993 77e7dc5b3a1e9c569c073a68c33d03781fdb91002b99eb782cd29753b92dfef2
EXPORTER_SECRET 7335c13328b8d4be4f211786cf3896947e6071989be99d7f914abb5dc565e993 d89bfa3dd518ba45d5937a1fdc02e83b8951a75a9ae0a1b30a9fb6d0c3b78ce0
CLIENT_TRAFFIC_SECRET_0 9b9c6efbd4c6403dad50833aa42b5916c58f6cb502df104673c399a1bbde82ca f267bfcf5b3cdc4d7c6d9e2820f29e47816cacb2cbba7a6dee1a021869a17e74
SERVER_TRAFFIC_SECRET_0 9b9c6efbd4c6403dad50833aa42b5916c58f6cb502df104673c399a1bbde82ca 235c083426465607b86ca7f76cf84e85d21f418c7e3c5b4084472f3ce67ed986
EXPORTER_SECRET 9b9c6efbd4c6403dad50833aa42b5916c58f6cb502df104673c399a1bbde82ca dc47daba80e2360612410a6bbae54c049aca9e103943e2a408d691c04535500e
CLIENT_TRAFFIC_SECRET_0 f6a4c3641bde10ef94790d2ae4472bfd282f61bfd3cabb65c9327ee75981cace 374461045cfeb6233b4b0df5c0e8cd8485e5b8e9ae721cf5fbc1196b99bd82ff
SERVER_TRAFFIC_SECRET_0 f6a4c3641bde10ef94790d2ae4472bfd282f61bfd3cabb65c9327ee75981cace 98f07b1a232e02a2562c97561533cf8ef720cc21d672a071e50dbbf7f68d26dc
EXPORTER_SECRET f6a4c3641bde10ef94790d2ae4472bfd282f61bfd3cabb65c9327ee75981cace 8f5e551df4553f420cd9c0b52706c55bc529ba76b2bd80598413399051dd4441
CLIENT_HANDSHAKE_TRAFFIC_SECRET 0abe482ca2a9074d3f6d7fd37620233ad82a77aa100a4d8f818db788c65132ea 85be2470438519f2fc9f7ddceb069fac5a3356d0bc9557ff204a48c17d22ae3d
SERVER_HANDSHAKE_TRAFFIC_SECRET 0abe482ca2a9074d3f6d7fd37620233ad82a77aa100a4d8f818db788c65132ea 64c181a8b5a9bbf307ca3a42f6134c346c8a5c735f8cd5e8f1fef7103aacd10d
CLIENT_TRAFFIC_SECRET_0 0abe482ca2a9074d3f6d7fd37620233ad82a77aa100a4d8f818db788c65132ea a27686c3eb9bba7db6cc84ac0e6676d872a71688266d16c0969e04928536b364
SERVER_TRAFFIC_SECRET_0 0abe482ca2a9074d3f6d7fd37620233ad82a77aa100a4d8f818db788c65132ea 162348ba04608c7779f15dd44e8e1ea38112f7d1631a8bed98290a9940df51ff
EXPORTER_SECRET 0abe482ca2a9074d3f6d7fd37620233ad82a77aa100a4d8f818db788c65132ea 51428a0d830053cac5fa446df213fd471b1a971b671b98da7f6410a83884756b
CLIENT_TRAFFIC_SECRET_0 3932860c6fccf38e6ebfa6b45e035d7a2cadc405b220e8e1b26ee86d391853c2 048709fc4ac85ebb0bf9a58da6fe01ccc14b51cf4ec5a31bb439fafaef0d7ab6
SERVER_TRAFFIC_SECRET_0 3932860c6fccf38e6ebfa6b45e035d7a2cadc405b220e8e1b26ee86d391853c2 f9e326265b045fd0ff0812846adb15f6ace1eb3b23290f03dd35b94a8d7fa598
EXPORTER_SECRET 3932860c6fccf38e6ebfa6b45e035d7a2cadc405b220e8e1b26ee86d391853c2 907dde15e8a7cba04f5e22c5a42692c369e7a126ee6dfdc0d19d1b911753ee81
CLIENT_TRAFFIC_SECRET_0 0f6d099c9ff5d2abf10f01612865f742dba76d1868ed526348b4478629ea9a06 2ab06cb268d5a737633efcfc93f26bceb18f3c6f50f58a226212aea4f0689c85
SERVER_TRAFFIC_SECRET_0 0f6d099c9ff5d2abf10f01612865f742dba76d1868ed526348b4478629ea9a06 3f2de7063c300b28ab7a9d931b7be157a27773414afc65cba1bfdaeaea319e1b
EXPORTER_SECRET 0f6d099c9ff5d2abf10f01612865f742dba76d1868ed526348b4478629ea9a06 ff55830c5acdb709ae2efd481edb25dbc8390a20991ba334569fe9be8ec26584
CLIENT_HANDSHAKE_TRAFFIC_SECRET 738bbdec215dc26b7827d55ba3bb7f25f202ecaf51526be71deda12e2fac6649 aef428a2ef630dffce7164cf7f9f8d3c7354240f0d0c05325c7c245e091b403e
SERVER_HANDSHAKE_TRAFFIC_SECRET 738bbdec215dc26b7827d55ba3bb7f25f202ecaf51526be71deda12e2fac6649 716ad838107ab68cf0e84217f96c6bf3a5441b11c7ca0b97e9e82c4a2dbda7b8
CLIENT_HANDSHAKE_TRAFFIC_SECRET 195dfe55c72af4996ba0ac1c93033ad9b415a1414bffd9e69b1f3b297ef0fd8b 59aa84d6c0fbc51b6a9bee8121e759e9dfaabb9447ec991067d337e7d72de8ed
SERVER_HANDSHAKE_TRAFFIC_SECRET 195dfe55c72af4996ba0ac1c93033ad9b415a1414bffd9e69b1f3b297ef0fd8b 9c14bb03535cf8a51a686db345eaaae9d39eec102633f0bb741a66de118b2e57
CLIENT_TRAFFIC_SECRET_0 195dfe55c72af4996ba0ac1c93033ad9b415a1414bffd9e69b1f3b297ef0fd8b 08d5c5128d1c09be824b4034d38ba38cd41cbfad129ef9ac8b2c800e7995142c
SERVER_TRAFFIC_SECRET_0 195dfe55c72af4996ba0ac1c93033ad9b415a1414bffd9e69b1f3b297ef0fd8b 713d17d27a7586a55e35ac206d2ad1c8a1c6da0fd4592019ae67c809d7d9dd5e
EXPORTER_SECRET 195dfe55c72af4996ba0ac1c93033ad9b415a1414bffd9e69b1f3b297ef0fd8b 8492dbc2954f94bc9c072b4393c73dcd04113cead592974b5082af48957e97c6
CLIENT_TRAFFIC_SECRET_0 738bbdec215dc26b7827d55ba3bb7f25f202ecaf51526be71deda12e2fac6649 46693f1a28371e6160d0013b0c757e0a12b1803b4cafa2e9d60e23e58c4bc228
SERVER_TRAFFIC_SECRET_0 738bbdec215dc26b7827d55ba3bb7f25f202ecaf51526be71deda12e2fac6649 9e10c1ab049dbff1ac0e7a9ae04403b1a3ba4098549bc37652a94aa872bf110f
EXPORTER_SECRET 738bbdec215dc26b7827d55ba3bb7f25f202ecaf51526be71deda12e2fac6649 d6e7c1fd2616b1f08bcd8976609ed8c018edcbd8fd7013db538f8d67f7cf6643
CLIENT_HANDSHAKE_TRAFFIC_SECRET c9ae2767305ac3ec0993f3a096345ca7ae4c0c6176f7812ce192eb120dc6eeb9 ca21c08156e0eb520543d9b331b0dfb1c62ea9a89edca0f60120b0a7bb82f9cd
SERVER_HANDSHAKE_TRAFFIC_SECRET c9ae2767305ac3ec0993f3a096345ca7ae4c0c6176f7812ce192eb120dc6eeb9 624784088814b05f471f5dc621dfca8ab592c1fb6e37e47a161fd6ed5d723385
CLIENT_TRAFFIC_SECRET_0 c9ae2767305ac3ec0993f3a096345ca7ae4c0c6176f7812ce192eb120dc6eeb9 abd464eedc664bd2aaf50b1289bf3a3b57600b1aacaadc1ad5a45b84ccfa35fd
SERVER_TRAFFIC_SECRET_0 c9ae2767305ac3ec0993f3a096345ca7ae4c0c6176f7812ce192eb120dc6eeb9 9b94321993a5162bfe1007da9d8f3fc2389c1a5485302361fa58553ebe81f56b
EXPORTER_SECRET c9ae2767305ac3ec0993f3a096345ca7ae4c0c6176f7812ce192eb120dc6eeb9 3fd3ba3ba1b4da491f8f4ee5766466f3eaab3986810e465b456812662dc23c41
CLIENT_HANDSHAKE_TRAFFIC_SECRET 2a7a0f7de1b95a5f09d30d6423ece822debd20ee9cac97e0b5e85754c1d58ca5 4ee12d0fbae83ccbadef70849c81f0bb412e038ea698b107ded19ee004b4cb2d
SERVER_HANDSHAKE_TRAFFIC_SECRET 2a7a0f7de1b95a5f09d30d6423ece822debd20ee9cac97e0b5e85754c1d58ca5 e471800315317ea8eeb86be31f829fb42dd07d599762dc869a6b9a25c4bc59f2
CLIENT_HANDSHAKE_TRAFFIC_SECRET 2cee021d44468fa295bf21a8a16e580dac5cd467141d943c7335c521cb6f48a5 c95b5421394e988f272fcb489d3fe4b6e7c10f3527705f808ecf1144695929b1
SERVER_HANDSHAKE_TRAFFIC_SECRET 2cee021d44468fa295bf21a8a16e580dac5cd467141d943c7335c521cb6f48a5 771445e7ce8f4b4d3786ece1e00d8f2b4c61d4df1dcfaf2ac3c7b7a02d1a278d
CLIENT_TRAFFIC_SECRET_0 2a7a0f7de1b95a5f09d30d6423ece822debd20ee9cac97e0b5e85754c1d58ca5 922ddaf18cbd78cfa0de3a6a676714efdf355c37d8544194ce3d33e7a05b248d
SERVER_TRAFFIC_SECRET_0 2a7a0f7de1b95a5f09d30d6423ece822debd20ee9cac97e0b5e85754c1d58ca5 bbdcff710d9686d314759e1dd16cf6b0fd34cf30a8f0b24410c1131283e3c679
EXPORTER_SECRET 2a7a0f7de1b95a5f09d30d6423ece822debd20ee9cac97e0b5e85754c1d58ca5 1d6ba885bf323901e8c3a2c1f862c56801f54634350b36edc866e36cc0e1965f
CLIENT_TRAFFIC_SECRET_0 2cee021d44468fa295bf21a8a16e580dac5cd467141d943c7335c521cb6f48a5 0b4acaa523cd318733860da05c4c1c429763829857ae78372f358fe88f98f7a3
SERVER_TRAFFIC_SECRET_0 2cee021d44468fa295bf21a8a16e580dac5cd467141d943c7335c521cb6f48a5 e7676fcfa4e36cae1884f0e815bd4faf9f1baa3e6b2d343e797c0a89aee93d57
EXPORTER_SECRET 2cee021d44468fa295bf21a8a16e580dac5cd467141d943c7335c521cb6f48a5 d2ab6b736f2432e82c231523fef28910ce3bc1de7109b792e1bae23f11dd23a7
CLIENT_RANDOM 9f2bcdf7f07e1e92983d12f61c2dfd37cf26ca1a3152bceba94e9a3b6cf3d3dc dea2924b4c615998d1cc1c6d5db4150d0e3f37b97c6d295b356c1eb10c0732b173e82b18cd97e303f0d05194103cfbc8
CLIENT_RANDOM e01a893702405d4c2c4f717601f6e14adc1475a36111d4813e8eeb7aeb19c75d dea2924b4c615998d1cc1c6d5db4150d0e3f37b97c6d295b356c1eb10c0732b173e82b18cd97e303f0d05194103cfbc8
CLIENT_RANDOM 1f6128d56ded2a68d67ff54cbd8f1466b215a5eb3950bbbd4ebcfae27b083c0b 1ba5ac8abf652d7d758b174df55f1773fe77eec5278561b0193168521cbe5844035023748898987f63dba51ba52bba49
CLIENT_RANDOM 0dd5bedbe13ea49a20a09a28bfad0f086c1a2ef34f17703b116a59b4dd19cf8e 51cbc4a80383d0d09058490c4ed38796744981323414eb832bcb45f62c93479bd1233806853c549bcec65f51ffa1b011
CLIENT_RANDOM eafe8f1f52a9c6a11822c288a9bf63aab615d416611f44e5e991c9a92eeb4928 ae1ef855cb8aa0070f504391a9b9fc79cf0db693d391c57b661ace58c81d2789cb8a8143af2aa6c24a7f852527a167c7
CLIENT_RANDOM d6e50bb7b1b13d6b737c25b5899a54c4aa7c27d008c7a996c8451c49d51fb57b 9afdc6bcdb0b33c4a1c7d9480965123adb09183db0b4dc294071b3175f36869a157ba899fa483d9b0b4e8cb0784c1e47
CLIENT_HANDSHAKE_TRAFFIC_SECRET de2ba5b2f847a24d4bd7e70f84106bb76b81e256f602d8bfe3b8595160b7111d 3b8443bd11e0f87ee8400b6e63f5977091d6ebe79264f66197fbd10c8fed1ad7
SERVER_HANDSHAKE_TRAFFIC_SECRET de2ba5b2f847a24d4bd7e70f84106bb76b81e256f602d8bfe3b8595160b7111d 1896f5e8df2027b8386228f817af57a73f9da173b55ca6062c6238eebd63a367
CLIENT_TRAFFIC_SECRET_0 de2ba5b2f847a24d4bd7e70f84106bb76b81e256f602d8bfe3b8595160b7111d 024e59b1c6f673b0dceb5bbc6cb797a02646e9abfc9a6c579d9295396824311d
SERVER_TRAFFIC_SECRET_0 de2ba5b2f847a24d4bd7e70f84106bb76b81e256f602d8bfe3b8595160b7111d 14b111f16d224215089cb7f56431cb5768e4fd61bc5eabef6021d272bb8392de
EXPORTER_SECRET de2ba5b2f847a24d4bd7e70f84106bb76b81e256f602d8bfe3b8595160b7111d 1809b69e06b4d3c32852e40ac6125e6e1a8ba594011031d2058ed487e809851a
CLIENT_HANDSHAKE_TRAFFIC_SECRET 28c4daf5df0f2cbd0a46b3844b93c89960ca859ffb7cd651957c979bee565b2e ad90f180847c4e37eda636367fdfbdbceaf47bf4f82366df8bb648b78c1d448b
SERVER_HANDSHAKE_TRAFFIC_SECRET 28c4daf5df0f2cbd0a46b3844b93c89960ca859ffb7cd651957c979bee565b2e 981931d37262eb98ea619da632600015956b0013e1db412e934a9cc59c08c0ea
CLIENT_TRAFFIC_SECRET_0 28c4daf5df0f2cbd0a46b3844b93c89960ca859ffb7cd651957c979bee565b2e 2d834d39cd80687b543cc08ae91b1c868b6b311d79f55c318627a942a4f5b26e
SERVER_TRAFFIC_SECRET_0 28c4daf5df0f2cbd0a46b3844b93c89960ca859ffb7cd651957c979bee565b2e cdb1c4bc585310ee575e72070e40bfea9e4648b6b88faf6d6ee6e8f5de8ad641
EXPORTER_SECRET 28c4daf5df0f2cbd0a46b3844b93c89960ca859ffb7cd651957c979bee565b2e c06d9134934f1c671031ed5bef26dc066c7047d9729e3f533eb0ff8793dcc1b1
CLIENT_HANDSHAKE_TRAFFIC_SECRET 0c30cf50fb025aeb54c824f5001f86cf951cd9a86ecf4c010c13e5679e0ca36e 7f934ec28df01b20c8c61b644228e98488056f66a8752a6de5b66d1535dbb414
SERVER_HANDSHAKE_TRAFFIC_SECRET 0c30cf50fb025aeb54c824f5001f86cf951cd9a86ecf4c010c13e5679e0ca36e 1f76333cba39631c000d17e0665c5dfaad9dfe109e0e1350aac6d6388ecf0561
CLIENT_TRAFFIC_SECRET_0 0c30cf50fb025aeb54c824f5001f86cf951cd9a86ecf4c010c13e5679e0ca36e 6c051fca37f0af17710957a2f68f89167dec32e8dcbbd2174f0b328bfe046897
SERVER_TRAFFIC_SECRET_0 0c30cf50fb025aeb54c824f5001f86cf951cd9a86ecf4c010c13e5679e0ca36e 2217cb3a1b22af38de8fafb810c35f7084c764a363a863bff739df4976ec7488
EXPORTER_SECRET 0c30cf50fb025aeb54c824f5001f86cf951cd9a86ecf4c010c13e5679e0ca36e 9c551f746025bfe5a279a38312b81e53c9ad7ce5f88976351ded49bef223fe76
CLIENT_RANDOM b339c186727affd48b19ec5b790d91476b8aa1d65ce4edfd030150dca3148d7d c644f26e9088c450e37b4e6bee6856387f8e60d79511acfa68b25fca44952ea4fcf061d6ba8ca24be5c00fca663fe7ff
CLIENT_RANDOM 6dddf3b4dd463068cffb3a8392781b7dd2af98bd333ccdf55486b7d3e261c629 481d8d41f55af0d0531f63a5d63381f4f90a5423a17fbd6d49d3580d8b1c23e592e363f53ba0763ab9fc0291f70e70d2
CLIENT_HANDSHAKE_TRAFFIC_SECRET ce6015a94681c8b07be637ddcfa442b6ca53472faa1343d7d8cc435207023b61 de796d9bce92b113ec40e980854e5e09041b04fe7cb18a0273049579a2d6586c
SERVER_HANDSHAKE_TRAFFIC_SECRET ce6015a94681c8b07be637ddcfa442b6ca53472faa1343d7d8cc435207023b61 c57b82914b26cd9bac08126f72c8c7851eabab2bd1fc1c688113f86cf0c64bea
CLIENT_TRAFFIC_SECRET_0 ce6015a94681c8b07be637ddcfa442b6ca53472faa1343d7d8cc435207023b61 a6c31328ce0d869a5cb56c2e4b03055be8e41f24069b09a1ed3d5335d76709d0
SERVER_TRAFFIC_SECRET_0 ce6015a94681c8b07be637ddcfa442b6ca53472faa1343d7d8cc435207023b61 c8983068e032592ecfc6a2c0696351661adda67a61d87a610e3f932017722afd
EXPORTER_SECRET ce6015a94681c8b07be637ddcfa442b6ca53472faa1343d7d8cc435207023b61 d985b852e542cdb5e2471bc063248d557d0343c4be7e80819a0fe12ebe868f88
CLIENT_HANDSHAKE_TRAFFIC_SECRET be384e09d675a5ca31b76d4a40b5d14416424e8f461ecfd3beebf8e9b13c9c2a 3bb52c6e3879d3c80806c8d65c527ea7b80a2a53c4e3d1ec82063ddc41058d9b
SERVER_HANDSHAKE_TRAFFIC_SECRET be384e09d675a5ca31b76d4a40b5d14416424e8f461ecfd3beebf8e9b13c9c2a 9ce92ec5372b0c7d70fb76832dd09017dbcfb0718607a9215af9e2f42af2ecda
CLIENT_TRAFFIC_SECRET_0 be384e09d675a5ca31b76d4a40b5d14416424e8f461ecfd3beebf8e9b13c9c2a 09076c2bc242d5427d7793552a1b5b591c7ae32783c5d20194bc104deef75cbc
SERVER_TRAFFIC_SECRET_0 be384e09d675a5ca31b76d4a40b5d14416424e8f461ecfd3beebf8e9b13c9c2a 2905afdcfdcfa5b737d3492bfbdf616fdace9ee0423afe3a9241e59f8560be32
EXPORTER_SECRET be384e09d675a5ca31b76d4a40b5d14416424e8f461ecfd3beebf8e9b13c9c2a e35832fb8018b438c057e680f948c133ec3d08230660410b058cd9292dd1d006
# SSL/TLS secrets log file, generated by NSS
SERVER_HANDSHAKE_TRAFFIC_SECRET 25403b3a5a8097475a3f736c50b026a7c0803a060726b3e64f8a8198bedde33d 80497e90a998a6599d303c43404923162d89af8c639853a2c8301f8217219e3af64de115d1fd81e860bf6a89d547a06a
EXPORTER_SECRET 25403b3a5a8097475a3f736c50b026a7c0803a060726b3e64f8a8198bedde33d 4ba7c8f22b2c2fe9ec099fb0d103200a7c246c1132da7394eafeaa8fbbfe19acbe64105249f2e092481a811fa909da8b
SERVER_TRAFFIC_SECRET_0 25403b3a5a8097475a3f736c50b026a7c0803a060726b3e64f8a8198bedde33d 935d2048c45af70cbdb1ce0b01d74f7ff9eb9615a8686bbb76e94f48945ad36053319fff43e6024f08137a18c2eca3d9
CLIENT_HANDSHAKE_TRAFFIC_SECRET 25403b3a5a8097475a3f736c50b026a7c0803a060726b3e64f8a8198bedde33d 2289e5eb47c07ea4c865b6fc99f2c66b80966c61f252c5eeb2b71f69d4007769056fc014b86abad7acd64eb3d32283b4
CLIENT_TRAFFIC_SECRET_0 25403b3a5a8097475a3f736c50b026a7c0803a060726b3e64f8a8198bedde33d 613f66960d84b8556449bb1e8aa10afa1a15e9bd9d86ea2c6332fdc61ba7c41c340cbfb4c86918c9cb9cd67a3de2c8b4
SERVER_HANDSHAKE_TRAFFIC_SECRET 43d716427c0e8fbafe687eaff45f62e187e67daf4677b79637b4e93cdb02c94c ad849b4386bd8da2baf946166ebefdb1fb06eaa064800d617dc1883eb10444bbd4ca1820cac53f2cc9c2e078a8a9cd9d
EXPORTER_SECRET 43d716427c0e8fbafe687eaff45f62e187e67daf4677b79637b4e93cdb02c94c 5973c143022df31754c9ffb878b686876761972dd0bc118090b91de0de477caa5174632516d43ddb17ba5d7e0a220085
SERVER_TRAFFIC_SECRET_0 43d716427c0e8fbafe687eaff45f62e187e67daf4677b79637b4e93cdb02c94c b1e2a817e20f49cbb7f73e7ac63709cdaf43bc09637559c50b16db9fee500842895f0c9477ac0f2d48b9aa030221ac35
CLIENT_HANDSHAKE_TRAFFIC_SECRET 43d716427c0e8fbafe687eaff45f62e187e67daf4677b79637b4e93cdb02c94c 5a8949a50d7f33bb8b68b9fbacf9100938b3d054c0f9f266bdfe9c88ca28fba0d077851ee5f571389683a03db4bee6b0
CLIENT_TRAFFIC_SECRET_0 43d716427c0e8fbafe687eaff45f62e187e67daf4677b79637b4e93cdb02c94c 6686c0d9e030d40385e0d3b6412b0da392a152fefe71bbc5ff3c7fa2a3fb486ad45f3cd5f5795bb4e0933d432a196b22
