SERVER_HANDSHAKE_TRAFFIC_SECRET 5bace7a733a8bdff3fcb86968b534fdfa46988a5af00a9b5f81f6027f0d83083 ff8e6ad4aae4c111a835dad2bff8c6d4221ec216f26241e4bb3d97a91fa223190807f25ac732e1f8d77f7661c56e859d
EXPORTER_SECRET 5bace7a733a8bdff3fcb86968b534fdfa46988a5af00a9b5f81f6027f0d83083 73c586e7e7495a5878055da56c0b517b8925172442ff4019ea7cb5be291710cd522294929ce6d678e3a3819a3124d17f
SERVER_TRAFFIC_SECRET_0 5bace7a733a8bdff3fcb86968b534fdfa46988a5af00a9b5f81f6027f0d83083 cc61abca52f2ec0c07ac719e419dec8478f6fad332229172b06cf3f87c0050e21e65a1013c9fad8416a3cf1ccf220992
CLIENT_HANDSHAKE_TRAFFIC_SECRET 5bace7a733a8bdff3fcb86968b534fdfa46988a5af00a9b5f81f6027f0d83083 47fb26ea937263a76d60a70f9879344de992bd5c51ecb974dabd34bd53fe19aa124774db92aa091c6ac3c41af7e14c74
CLIENT_TRAFFIC_SECRET_0 5bace7a733a8bdff3fcb86968b534fdfa46988a5af00a9b5f81f6027f0d83083 05324e66102f4cd8e492b97a46d58e9f2b056ccc87e212c8d5dfe74130b7297210174ff6a6cf3ff403167ac8ec84cffb
SERVER_HANDSHAKE_TRAFFIC_SECRET f3c05fe6ab852c117d9edaf0b2ed34dfc0737e9a9137242c01777d82c5c33594 065fbb9c24ebd7e0ca277fdfe8ac52e395d9c390ca4f2c74baa9f10bee3cd770d4ac6f64233daa4a87037ea6cf41ceaf
EXPORTER_SECRET f3c05fe6ab852c117d9edaf0b2ed34dfc0737e9a9137242c01777d82c5c33594 084375f568fee5098f072594a82e8acba2509d2c053e39c869652a76dfaba423d475004796bfc70ef1b6f3a8dd94ad3d
SERVER_TRAFFIC_SECRET_0 f3c05fe6ab852c117d9edaf0b2ed34dfc0737e9a9137242c01777d82c5c33594 1dd5e4f35783b17bbe9033226da5b9b011c25f938002750d7b5a47577b47188086b230de0f5905208c842d61c7bc6074
CLIENT_HANDSHAKE_TRAFFIC_SECRET f3c05fe6ab852c117d9edaf0b2ed34dfc0737e9a9137242c01777d82c5c33594 5e755ab60c8785922f6ae2a8cfb62ce9ac62e0e9d972c95e6aee75337065f58ad0bc4c85005ef84bd80e2636d3d570f0
CLIENT_TRAFFIC_SECRET_0 f3c05fe6ab852c117d9edaf0b2ed34dfc0737e9a9137242c01777d82c5c33594 39bda2a9ddeafb38000fca2ed96c63e7c79f77bf5094a440d5cf2bc59349919df93efd4828d97541807b0f59622b1f99
CLIENT_HANDSHAKE_TRAFFIC_SECRET cb9944b5a33f9a0779f94fa0a0c334f47899d2f667dce580f71cf0ef51bfce89 3bc2577802f6a7141cf727ee2428f341d67c8bef8c5469c23c7af6ad4ff2c972
SERVER_HANDSHAKE_TRAFFIC_SECRET cb9944b5a33f9a0779f94fa0a0c334f47899d2f667dce580f71cf0ef51bfce89 8e442ecf4100b378da3b248d8efef324e79c3a9ed5428b99e9d52b81c19bb593
CLIENT_HANDSHAKE_TRAFFIC_SECRET 8fce4de926fcf011c3feded0534e2213f4870a3903827c82f7cf11f729af1d4d f92232a8a6a530a8eb5318e6fa7211f4d8d47d1ad17333ab1ef6d0b6113bca1b
SERVER_HANDSHAKE_TRAFFIC_SECRET 8fce4de926fcf011c3feded0534e2213f4870a3903827c82f7cf11f729af1d4d 40f81eecc36349fa7a1f71390ac432b568523772c41ffcea235be5024afcfd2d
CLIENT_HANDSHAKE_TRAFFIC_SECRET c1d62097db3fbcd4cf9039b48520ef62a9d2f49e6e6d0a3c0f05a91305a6dd31 45e262e91305ebc633298f0e08b512aaee528c9a471542cc223cc39f4f5bb7c8
SERVER_HANDSHAKE_TRAFFIC_SECRET c1d62097db3fbcd4cf9039b48520ef62a9d2f49e6e6d0a3c0f05a91305a6dd31 1922f64da92cf91d4b85c6c7596df8d0e6cbd69e5b3a792ff6bb6c72cf370f4d
CLIENT_HANDSHAKE_TRAFFIC_SECRET 84600b9bac96d8614d3f4af6c51f7e2153d0e3276b944d3d34b2de8f0ff60127 d95fccb393318f2515d48b228e96eb17d162ef1344962c44d73b7744f9f50c72
SERVER_HANDSHAKE_TRAFFIC_SECRET 84600b9bac96d8614d3f4af6c51f7e2153d0e3276b944d3d34b2de8f0ff60127 e6d3fc37f341df095eac01c897f73ef14256b6003d1053bec5cb8baf60104f98
CLIENT_HANDSHAKE_TRAFFIC_SECRET 8be8c1713329786022d5b88247cd366f9a127855bd23f26d48d331eb1b069473 5dcd1eda2e00bac8b9226576b37685e0b03cb56eda1708bf33785c819e8a765a
SERVER_HANDSHAKE_TRAFFIC_SECRET 8be8c1713329786022d5b88247cd366f9a127855bd23f26d48d331eb1b069473 01276f0dfa66562f276ed0217301e9d5d0fde39ae16526a3fba16f26e1267fc0
CLIENT_HANDSHAKE_TRAFFIC_SECRET cf061b5ed4c2c80e09f56adbfa6fcfab2557a7e14dea6d04a88d5c706f6dae4d 5512573ab7cca884555ab1012c2371570a4ec8a4592d2603e6666e7cf0cbf9bc
SERVER_HANDSHAKE_TRAFFIC_SECRET cf061b5ed4c2c80e09f56adbfa6fcfab2557a7e14dea6d04a88d5c706f6dae4d 8e598cb52aaf0401722f2c44d60cdf6ac5b7265dd77aaf2588ef0918c56660b7
CLIENT_HANDSHAKE_TRAFFIC_SECRET a42553b2a8d8043cf00cd92224f588ec3a85f2c039e09e7ee814a1b43a9bc462 fe316dd469cee2c3aee9f0375e33d7d93cfee18966145be1219ce82a493f7afb
SERVER_HANDSHAKE_TRAFFIC_SECRET a42553b2a8d8043cf00cd92224f588ec3a85f2c039e09e7ee814a1b43a9bc462 de6a36786289cf362d42bf33e6fc3438d03195728c91322d339ba1e5f003acd5
CLIENT_HANDSHAKE_TRAFFIC_SECRET 8489b931c907112bf3ddbe9785b2d4cda309473c40f999941098568bc5b9137c add71e6bc23104a73b3d6ab43e195755b913ce66c1f09f26d513251d6ecd18dc
SERVER_HANDSHAKE_TRAFFIC_SECRET 8489b931c907112bf3ddbe9785b2d4cda309473c40f999941098568bc5b9137c 93f8499e9c22d05ab3a2530d9ec50237cd703ed9163b1c21538587903ceb4b41
CLIENT_HANDSHAKE_TRAFFIC_SECRET 821bc653a34947b59fad6ab2d73ef74467a5c9379b10ab39f64109d809ff1635 891d731789b5d812c6e2ece29ffb3d169321af5630a8ca8a6d6af82b71d25580
SERVER_HANDSHAKE_TRAFFIC_SECRET 821bc653a34947b59fad6ab2d73ef74467a5c9379b10ab39f64109d809ff1635 6b759a2911f82df07dcd30e9a30a808a5816174a83c07df00d4ae07dd406d598
CLIENT_HANDSHAKE_TRAFFIC_SECRET 5cead0773ed51d0dabd0626462e34eccef4089f63d2736bc0176737f1800e5c7 1676a71852d6574816bafee064cc2aa4f162315743e6b75e5f54219752a50ecb
SERVER_HANDSHAKE_TRAFFIC_SECRET 5cead0773ed51d0dabd0626462e34eccef4089f63d2736bc0176737f1800e5c7 ce0af62511feed36127a4552ecf83f7a7102cc377eded4fe4ca6ea9e472f3bab
CLIENT_HANDSHAKE_TRAFFIC_SECRET 652a8556229b68534971f9debd30796f213c5538602fac17d02a888445b91035 3b531857dcf47e67cd0ef1e755ac24263f9a8034d489541dc8e391fc9a2b8955
SERVER_HANDSHAKE_TRAFFIC_SECRET 652a8556229b68534971f9debd30796f213c5538602fac17d02a888445b91035 fa8b2c2fe4b96f104be4a376f0e5b31a783eae5bd5572c506670a433d06e3828
CLIENT_TRAFFIC_SECRET_0 c1d62097db3fbcd4cf9039b48520ef62a9d2f49e6e6d0a3c0f05a91305a6dd31 41de381d2b0f966db9739e296ba8c77e9353e98e40c7ef2d23197031d2c20796
SERVER_TRAFFIC_SECRET_0 c1d62097db3fbcd4cf9039b48520ef62a9d2f49e6e6d0a3c0f05a91305a6dd31 299c05a2135582adc3d2c7cd3856f3a710ab25145e4a79ce838e105a6e165ddb
EXPORTER_SECRET c1d62097db3fbcd4cf9039b48520ef62a9d2f49e6e6d0a3c0f05a91305a6dd31 026acb038083b639a1795897154b36880a19a892a0f6d687a81172e56d6b9931
CLIENT_TRAFFIC_SECRET_0 8fce4de926fcf011c3feded0534e2213f4870a3903827c82f7cf11f729af1d4d bba483618db48bbc880401db171f0752798366d37ad77632269d257747bcac2a
SERVER_TRAFFIC_SECRET_0 8fce4de926fcf011c3feded0534e2213f4870a3903827c82f7cf11f729af1d4d 15f909d6fa9410e3865991644a7e48acf97a9cf06d021dbf32fc79e90cc17efe
EXPORTER_SECRET 8fce4de926fcf011c3feded0534e2213f4870a3903827c82f7cf11f729af1d4d f372feec025707e4fea838c5c18b095770b1deacdc0b325a7fc825dc72577d75
CLIENT_TRAFFIC_SECRET_0 cb9944b5a33f9a0779f94fa0a0c334f47899d2f667dce580f71cf0ef51bfce89 6a8ac3b832fae273bae1ff0ed3035ad3022bc56be3c80b02a98aec22c5d4791a
SERVER_TRAFFIC_SECRET_0 cb9944b5a33f9a0779f94fa0a0c334f47899d2f667dce580f71cf0ef51bfce89 02e3b4c45f372f0ca420b35703a11a0c481abbe2cac76e9ea541d18a229cc057
EXPORTER_SECRET cb9944b5a33f9a0779f94fa0a0c334f47899d2f667dce580f71cf0ef51bfce89 8647d1282760821d95a117625296ac20b13d08c6281c4fb27e412c5271588f3d
CLIENT_TRAFFIC_SECRET_0 8be8c1713329786022d5b88247cd366f9a127855bd23f26d48d331eb1b069473 fd8f6cf04bf5e2b3bc3ccbc4a9bdf50e8780eaee7d311ec290832d77dca66dca
SERVER_TRAFFIC_SECRET_0 8be8c1713329786022d5b88247cd366f9a127855bd23f26d48d331eb1b069473 098129a2ff4afc6a0bfdf04ffa57f6ddfd412eac338ea9879b3b90cb11117fcb
EXPORTER_SECRET 8be8c1713329786022d5b88247cd366f9a127855bd23f26d48d331eb1b069473 3a56cdf1c8cf9518a95fb2111b0ed12f823c34c7d18a82535c977e262a7b3e56
CLIENT_TRAFFIC_SECRET_0 821bc653a34947b59fad6ab2d73ef74467a5c9379b10ab39f64109d809ff1635 0c4d52af359e675f8f0cf8b319134a3d7edc5d0e60380cda14c721f294db7595
SERVER_TRAFFIC_SECRET_0 821bc653a34947b59fad6ab2d73ef74467a5c9379b10ab39f64109d809ff1635 3b0b481777d266190b06b4f3ae31ed779c24238849ecdafc7034f98a6348b6da
EXPORTER_SECRET 821bc653a34947b59fad6ab2d73ef74467a5c9379b10ab39f64109d809ff1635 4b6a522561eb9b53d5ca84bea6373e5f2a1936071cb869a50222d91df7694ddc
CLIENT_TRAFFIC_SECRET_0 84600b9bac96d8614d3f4af6c51f7e2153d0e3276b944d3d34b2de8f0ff60127 b62bea52f5814a6bc73feda09dbfd5cd20671e0a3aca1c3ab8639323f3439c9d
SERVER_TRAFFIC_SECRET_0 84600b9bac96d8614d3f4af6c51f7e2153d0e3276b944d3d34b2de8f0ff60127 17a7f797c3c9cf38b96e4b7f8d36911e0f48ddee30d80bf2ca1d7b97133b47ab
EXPORTER_SECRET 84600b9bac96d8614d3f4af6c51f7e2153d0e3276b944d3d34b2de8f0ff60127 653cf6cb690efb090927456bf745038e03a74243fa98aee75bb876dc23459b58
CLIENT_TRAFFIC_SECRET_0 652a8556229b68534971f9debd30796f213c5538602fac17d02a888445b91035 0270f16a2e475edf99b3901ecbc5f3d082512f894d2b50113747ea37b08f44ca
SERVER_TRAFFIC_SECRET_0 652a8556229b68534971f9debd30796f213c5538602fac17d02a888445b91035 4a49f2c94a74bff026a44334762928fef0cc8f807f45e2d6879e0b25b5f7f068
EXPORTER_SECRET 652a8556229b68534971f9debd30796f213c5538602fac17d02a888445b91035 6a4ace586f0d9961718118d6e5495c7b2c644131147b2e4a676ae745319c7a09
CLIENT_HANDSHAKE_TRAFFIC_SECRET 6a5b8f5a5783a2c4102e1d7b95462176ec4b38f4025b650881dfac43e43d415c 0625c88b404cf5e0b962bb00328635dca01d5af6df18fdf685ce9c7cde894858
SERVER_HANDSHAKE_TRAFFIC_SECRET 6a5b8f5a5783a2c4102e1d7b95462176ec4b38f4025b650881dfac43e43d415c 6570c84ab84b6ec421e73063741f037b940c51811602bf5692beea1f5664e888
CLIENT_HANDSHAKE_TRAFFIC_SECRET 5dadd47823c4ec4d64753326ca99164f5c3578f27b5815959af56d25e2b2c54b 3d9a010dcc3adad386f1c2591bc8647f822c487ba73a779b3cb04b08b242e47a
SERVER_HANDSHAKE_TRAFFIC_SECRET 5dadd47823c4ec4d64753326ca99164f5c3578f27b5815959af56d25e2b2c54b ace1f63aeec8b1875a64b6bb2942f34985c6f3dcc8dc2d774cf4e5048f32be9f
CLIENT_HANDSHAKE_TRAFFIC_SECRET b7627d039845c6d31e1d02298a199e08df5609a4d072be2a8ecc6096d53a5567 5e54749ca10a8dc726b6d61ec6cf4b4f1f903306bace2aee359ece0a83fc38de
SERVER_HANDSHAKE_TRAFFIC_SECRET b7627d039845c6d31e1d02298a199e08df5609a4d072be2a8ecc6096d53a5567 9c61d3f26c028f3117a45f3da7099164810888edc8d623eba850b153cb5e4f2c
CLIENT_TRAFFIC_SECRET_0 a42553b2a8d8043cf00cd92224f588ec3a85f2c039e09e7ee814a1b43a9bc462 66aa1f09400439bcf8db7f15c3764dce971e88fb1b92b0a5ee5eb2817eca31b2
SERVER_TRAFFIC_SECRET_0 a42553b2a8d8043cf00cd92224f588ec3a85f2c039e09e7ee814a1b43a9bc462 e2bec83a8a3691ccb131b8fcdf8b2607e554b64efbb47cc888bbee8fc5e33f2c
EXPORTER_SECRET a42553b2a8d8043cf00cd92224f588ec3a85f2c039e09e7ee814a1b43a9bc462 b2e46b3859af990ceb82ef3152edb4228fb01ff710eb1518f4cc0e3e6bb84a46
CLIENT_TRAFFIC_SECRET_0 8489b931c907112bf3ddbe9785b2d4cda309473c40f999941098568bc5b9137c d9cd0f6093e585dc42a6a2fdd24d80a3be1a97fb9308fb70813b70fbaad6f830
SERVER_TRAFFIC_SECRET_0 8489b931c907112bf3ddbe9785b2d4cda309473c40f999941098568bc5b9137c 920a9b96d5014753c5fa1d7a8fbf38096db092a99ddf3de2c4f54643960d1551
EXPORTER_SECRET 8489b931c907112bf3ddbe9785b2d4cda309473c40f999941098568bc5b9137c 62cb2f35c2338251423db7596a4449e58a8523468c4cbb231c5004e5f4c04552
CLIENT_TRAFFIC_SECRET_0 6a5b8f5a5783a2c4102e1d7b95462176ec4b38f4025b650881dfac43e43d415c f9a1e6409c4e9d6bc0443fceab22570b0373968d3aca9b40adb2d9c159885acb
SERVER_TRAFFIC_SECRET_0 6a5b8f5a5783a2c4102e1d7b95462176ec4b38f4025b650881dfac43e43d415c 53518e6854c4f99cf25369f45448402f96f212181d38afc1edc11951eb4c26a9
EXPORTER_SECRET 6a5b8f5a5783a2c4102e1d7b95462176ec4b38f4025b650881dfac43e43d415c 05aaf5d6c0bde39e52553296e983069ab49952ce5f9450ccb3959405e86e97c9
CLIENT_TRAFFIC_SECRET_0 5cead0773ed51d0dabd0626462e34eccef4089f63d2736bc0176737f1800e5c7 56f73934b6141956d6fef975ad18843dabadaf9920cc06978a75a212a1d0eeb1
SERVER_TRAFFIC_SECRET_0 5cead0773ed51d0dabd0626462e34eccef4089f63d2736bc0176737f1800e5c7 51f20dde8371fa1f8a7dbc20a9e40e3c56677e6e3e7c3bb0afe2627454022c03
EXPORTER_SECRET 5cead0773ed51d0dabd0626462e34eccef4089f63d2736bc0176737f1800e5c7 34463de4a62738160fd4a9fb6b8b182f02fa8aeacf5f50b56d5f92beea1ecf87
CLIENT_TRAFFIC_SECRET_0 cf061b5ed4c2c80e09f56adbfa6fcfab2557a7e14dea6d04a88d5c706f6dae4d 508aecf7803af2370b23f5c747fe4d99e54cb6e4cb00c32b75ff4f9de6bde7c3
SERVER_TRAFFIC_SECRET_0 cf061b5ed4c2c80e09f56adbfa6fcfab2557a7e14dea6d04a88d5c706f6dae4d ff2cd657dedd4fb552fb5c6731cbe51ec4567c8de8698fff609faa4cbe64c0c7
EXPORTER_SECRET cf061b5ed4c2c80e09f56adbfa6fcfab2557a7e14dea6d04a88d5c706f6dae4d ea0fdad4036d5eadef2e8daf172dd85d32fc38020db8314cb7824170b1aa74b3
CLIENT_HANDSHAKE_TRAFFIC_SECRET fdaafd90e198d1f6d02d7b55e105ff658523c864c5eb7004b2efe47e3ee5b125 1dbafa917f562ba3fd313170a31954a84ce9da77a4e01be49c7fecb2385dc25a
SERVER_HANDSHAKE_TRAFFIC_SECRET fdaafd90e198d1f6d02d7b55e105ff658523c864c5eb7004b2efe47e3ee5b125 6dde06c276e0e45507d6f8bf4cdfd9ec5dc1a09803870bd051ce4a827ec45825
CLIENT_TRAFFIC_SECRET_0 5dadd47823c4ec4d64753326ca99164f5c3578f27b5815959af56d25e2b2c54b 1a8263bb10fb848a5704484f2e75f5953a4a74675abe3fd41dd2127ce08e8bca
SERVER_TRAFFIC_SECRET_0 5dadd47823c4ec4d64753326ca99164f5c3578f27b5815959af56d25e2b2c54b a610fd1e8974ff1f1617eb43f7dafd47c3d8ab7f5346e24e7a747e946914617a
EXPORTER_SECRET 5dadd47823c4ec4d64753326ca99164f5c3578f27b5815959af56d25e2b2c54b 8c5e501ae9fd3c62a4231e8f60bd83090c4b4b1dee246ee3d3cf553df9742125
CLIENT_TRAFFIC_SECRET_0 b7627d039845c6d31e1d02298a199e08df5609a4d072be2a8ecc6096d53a5567 07ce5dcc54bd1bdb5c364f9b10c1366e48371f6c24ee24544eda6d856ca580f2
SERVER_TRAFFIC_SECRET_0 b7627d039845c6d31e1d02298a199e08df5609a4d072be2a8ecc6096d53a5567 bc82bb3c51bc207fe3f177c16bc7470aeb26c41347cfddf99c34e851e96d1f07
EXPORTER_SECRET b7627d039845c6d31e1d02298a199e08df5609a4d072be2a8ecc6096d53a5567 b0b41dce93ae596dbf747f10ed042ea82fadb9e5be0069369077dcf65c8e0208
CLIENT_TRAFFIC_SECRET_0 fdaafd90e198d1f6d02d7b55e105ff658523c864c5eb7004b2efe47e3ee5b125 93f03842fae06f0abbbec2a10fb960a7d799545f4878ff1e21ec88eba5d95fb8
SERVER_TRAFFIC_SECRET_0 fdaafd90e198d1f6d02d7b55e105ff658523c864c5eb7004b2efe47e3ee5b125 dcbfebc05e6b7ef46d912e6430b748363850307dd6cafcc869272cff2d2dacb1
EXPORTER_SECRET fdaafd90e198d1f6d02d7b55e105ff658523c864c5eb7004b2efe47e3ee5b125 7028c7be251ccc6eff96aceede1ab8c340a9cf415d9f51522eaae14cb058b79c
CLIENT_HANDSHAKE_TRAFFIC_SECRET e734acc25672ea66c9fbcc46d3afdeee6cf84f81240bf4b2ec025cc87db2a4ad 2956758445459bc94bb53ed97f900dd6127549a6cc262317e029c7f41a3e5f4f
SERVER_HANDSHAKE_TRAFFIC_SECRET e734acc25672ea66c9fbcc46d3afdeee6cf84f81240bf4b2ec025cc87db2a4ad da4e4f863884d3152eb6cbe3d49fbef7085add1d2eecc9623a5234e6e8a0f640
CLIENT_HANDSHAKE_TRAFFIC_SECRET 228822b4e369a03cade49ea7a529ac85c72af9497a01b2707af6baebe89d2f21 7789a08627ba8011475a5c906170e7fd8477670e8d66c916be6748906dbdbca3
SERVER_HANDSHAKE_TRAFFIC_SECRET 228822b4e369a03cade49ea7a529ac85c72af9497a01b2707af6baebe89d2f21 8f1b399b843b11309f69408ad8fdd0aff395a8965193be6f032d63307bbca525
CLIENT_TRAFFIC_SECRET_0 e734acc25672ea66c9fbcc46d3afdeee6cf84f81240bf4b2ec025cc87db2a4ad b1c390f7f859938204f5755f5a5015797334938cf9d3c263cd89cdea9bb1a07a
SERVER_TRAFFIC_SECRET_0 e734acc25672ea66c9fbcc46d3afdeee6cf84f81240bf4b2ec025cc87db2a4ad f0a586f06665acac1066332a3a5cef8c90dca20a4465664c5f0518ff9cc47c38
EXPORTER_SECRET e734acc25672ea66c9fbcc46d3afdeee6cf84f81240bf4b2ec025cc87db2a4ad 00051349c36c08d2613bd00aefa448cc7b854088005cac39c8646e9d40478e44
CLIENT_TRAFFIC_SECRET_0 228822b4e369a03cade49ea7a529ac85c72af9497a01b2707af6baebe89d2f21 df431199a42ee0c8b57ee9053f286841dc842f184e030726686f2e92d28e2175
SERVER_TRAFFIC_SECRET_0 228822b4e369a03cade49ea7a529ac85c72af9497a01b2707af6baebe89d2f21 ecb93bf5237c4fd6057c50ecb6e94f359e60cbc4a6f5f2dec4a94c7c9a6beeaf
EXPORTER_SECRET 228822b4e369a03cade49ea7a529ac85c72af9497a01b2707af6baebe89d2f21 20ead202ae300e2a1fe19c1d4f43f03c1a7705af6444a66bd4dd19f5ce9f2bf1
CLIENT_HANDSHAKE_TRAFFIC_SECRET c1c6f17603e21d5edba257a5f323e8c4523e828fe629828f567ee1a4039ecd79 b3a1e316e82ebda0fc40a6114c50424f93f9997c1c5ef19a27b05627c7927921
SERVER_HANDSHAKE_TRAFFIC_SECRET c1c6f17603e21d5edba257a5f323e8c4523e828fe629828f567ee1a4039ecd79 f17df253b2941d3b0d61de2908fe6c0feaf9e15484982f7a6d086e9c482eeb6d
CLIENT_HANDSHAKE_TRAFFIC_SECRET 4df60461263a9442a0b6a69a9fea817d6370ba17672d8dfcc549fe3f097b4544 87a0ecdc2c6e391394143b8acf8cfca696c0efbe6328aea3ee54eac613b5aba8
SERVER_HANDSHAKE_TRAFFIC_SECRET 4df60461263a9442a0b6a69a9fea817d6370ba17672d8dfcc549fe3f097b4544 413ddcc56a852b8b7e665657be5c70d21c6d7b97c9ec62078eb4c8a9b0e3a27d
CLIENT_TRAFFIC_SECRET_0 c1c6f17603e21d5edba257a5f323e8c4523e828fe629828f567ee1a4039ecd79 30e19741d736bd230abc77353441355f91e023cc18035e6b626970ff4cd980d0
SERVER_TRAFFIC_SECRET_0 c1c6f17603e21d5edba257a5f323e8c4523e828fe629828f567ee1a4039ecd79 7d1b5fb8b089a3c9525009df643debf282a074b8d82fa3a74f12be35a3b1375b
EXPORTER_SECRET c1c6f17603e21d5edba257a5f323e8c4523e828fe629828f567ee1a4039ecd79 8f8c1f67b24f66126e30b03a2880c1181781e37b733588b59b153f7401ac49f0
CLIENT_TRAFFIC_SECRET_0 4df60461263a9442a0b6a69a9fea817d6370ba17672d8dfcc549fe3f097b4544 0642679bc4c013bb6056b8dc976696ea83b9b6b5b042ead9b3a539fe589f3fa9
SERVER_TRAFFIC_SECRET_0 4df60461263a9442a0b6a69a9fea817d6370ba17672d8dfcc549fe3f097b4544 670f8984e317b8297c954335dbe6659a85b8ea0f0c985b55fc99e0835046d406
EXPORTER_SECRET 4df60461263a9442a0b6a69a9fea817d6370ba17672d8dfcc549fe3f097b4544 fbbffc837618d98ad87f8aa5f101fe2164d9711c8e7d09d68f816fbf6a05ceca
CLIENT_HANDSHAKE_TRAFFIC_SECRET 488e1451f841196e925a663f255b75e01c869e782642a2a8195d9e117eb1bdf4 248b05b73fc4dfd6d71778c74ec15f71faed96a4b9b336b25a1aa294278d04be
SERVER_HANDSHAKE_TRAFFIC_SECRET 488e1451f841196e925a663f255b75e01c869e782642a2a8195d9e117eb1bdf4 ad9e9e5a486e144d236081ea47a899a58dd2cad3740c1f8a8a1c3523f0a275ac
CLIENT_HANDSHAKE_TRAFFIC_SECRET 77c893f73cde7c35d98636e696b96cfa2d47b62ac198a1129a04d70fd98bdd4a bcadf77d9c92b21b7f9a3280cb7828595e016b4b7daa05734394a6a76b2eab44
SERVER_HANDSHAKE_TRAFFIC_SECRET 77c893f73cde7c35d98636e696b96cfa2d47b62ac198a1129a04d70fd98bdd4a 8b19f16b1f84d921940c5e6e167b67717c042d66cff36f38d21c941480fd8855
CLIENT_TRAFFIC_SECRET_0 488e1451f841196e925a663f255b75e01c869e782642a2a8195d9e117eb1bdf4 25185691986429824d76e8a07ae2bdb8fc304815dda1f85fc62c0d4778fc9500
SERVER_TRAFFIC_SECRET_0 488e1451f841196e925a663f255b75e01c869e782642a2a8195d9e117eb1bdf4 fbd2870bb1d7d3527a38f19a46d7c306cd1722b2298f659fefb911fc6e8523b7
EXPORTER_SECRET 488e1451f841196e925a663f255b75e01c869e782642a2a8195d9e117eb1bdf4 ab6f572ad91ee4f0a3023239f10ef4b533914aac2999a0483b2f8d708932054b
CLIENT_TRAFFIC_SECRET_0 77c893f73cde7c35d98636e696b96cfa2d47b62ac198a1129a04d70fd98bdd4a 4779004eda25bbe3c4f42587bba7e39c8e740a0181d292b1e26c2e43a49c76fb
SERVER_TRAFFIC_SECRET_0 77c893f73cde7c35d98636e696b96cfa2d47b62ac198a1129a04d70fd98bdd4a b8f447b73ad2be0ba8f980ceefec3701ade88ce27509bb38d32f2f154f6abfdc
EXPORTER_SECRET 77c893f73cde7c35d98636e696b96cfa2d47b62ac198a1129a04d70fd98bdd4a 68c17c8a813780b62f1b0c54e86a82e766bad72d61223794136bcd0d41ccb727
CLIENT_HANDSHAKE_TRAFFIC_SECRET 9480dc8ddfc8bc2352aedab9ea8a71eb8275f88da7b7fc00423aa8359f7600ce 1724179d30fd19d4fd146a6051f326149f1267c46cecf0f891a284454c76f3b0
SERVER_HANDSHAKE_TRAFFIC_SECRET 9480dc8ddfc8bc2352aedab9ea8a71eb8275f88da7b7fc00423aa8359f7600ce 8afee0e7eddc94c9bf1f75810c398581b42be36e371ae185c9ca0c0a7c0990b8
CLIENT_HANDSHAKE_TRAFFIC_SECRET ccb65e2ffdf27b9939896292ec13c0a21f2e1809996445eb5af457bcbd9e1582 a6beeb762f216aa7709a1f207a9a234a177ee6c69f82673017f2c54d6c66480c
SERVER_HANDSHAKE_TRAFFIC_SECRET ccb65e2ffdf27b9939896292ec13c0a21f2e1809996445eb5af457bcbd9e1582 f64375345fb027a92e6d5f1a9ba8c5e5df5fb027a98ea9a70131c492c66e8945
CLIENT_HANDSHAKE_TRAFFIC_SECRET 91a4bcc3de173581d4cc0f1558a78e0fb8565b8999ba6ec50cce7281ecffcb30 6e8dc3f588ea4aba30e27569d8f12c5f24b773df995fb86f0d1e8090d61612a0
SERVER_HANDSHAKE_TRAFFIC_SECRET 91a4bcc3de173581d4cc0f1558a78e0fb8565b8999ba6ec50cce7281ecffcb30 82ce3de50101df8b85c06dc46ee9f4cf1fcb5c298ffa57b5740bdfd1afb24b51
CLIENT_TRAFFIC_SECRET_0 9480dc8ddfc8bc2352aedab9ea8a71eb8275f88da7b7fc00423aa8359f7600ce 422eefa926c1de1144eb6cdb3a465214fe311d844b1be77ab4a9ccfb36c50a61
SERVER_TRAFFIC_SECRET_0 9480dc8ddfc8bc2352aedab9ea8a71eb8275f88da7b7fc00423aa8359f7600ce 848e04e4df697e97e0b27d35145609d68734a8eb95dcdf0a4d12fe5f30bb6aec
EXPORTER_SECRET 9480dc8ddfc8bc2352aedab9ea8a71eb8275f88da7b7fc00423aa8359f7600ce 9614f5a596d42212e7bf14fef3f2d5c33af719dc7886d63ccac50f26feb993e8
CLIENT_TRAFFIC_SECRET_0 91a4bcc3de173581d4cc0f1558a78e0fb8565b8999ba6ec50cce7281ecffcb30 ae81a9ad3e3c185b8fe18dc81191db79ce272b1ee9e485381badd898133125b2
SERVER_TRAFFIC_SECRET_0 91a4bcc3de173581d4cc0f1558a78e0fb8565b8999ba6ec50cce7281ecffcb30 d2f167b674431f2af05939365c22b197cb506c18d543f0b6a83e75f44e3abb67
EXPORTER_SECRET 91a4bcc3de173581d4cc0f1558a78e0fb8565b8999ba6ec50cce7281ecffcb30 e2a8f71669999f738cd7d02b5677a08e53958a2439dca6b7cec526e94389788b
CLIENT_TRAFFIC_SECRET_0 ccb65e2ffdf27b9939896292ec13c0a21f2e1809996445eb5af457bcbd9e1582 e573f5e5921ac1853d71bca69a20fc0665d1d0e18f9ec3fb538873e6622dc6a9
SERVER_TRAFFIC_SECRET_0 ccb65e2ffdf27b9939896292ec13c0a21f2e1809996445eb5af457bcbd9e1582 867ca1a62024ff81aa6e1e5f6ee9c2987d4c57c21ba4c3dec963e2dbf8cafe58
EXPORTER_SECRET ccb65e2ffdf27b9939896292ec13c0a21f2e1809996445eb5af457bcbd9e1582 0dd87ddaa40ec3963235e6146f143ca65a91be409f257943e976e62b7f6fe54c
CLIENT_HANDSHAKE_TRAFFIC_SECRET 4cfde2bcaf6687a04e08bdeba0332e5e9f824dbd70b4d5843bea6b91d12307b9 934d67fbbbd1c98557252288f05c721c842fc3a1af2528b2e27b2955a4576258
SERVER_HANDSHAKE_TRAFFIC_SECRET 4cfde2bcaf6687a04e08bdeba0332e5e9f824dbd70b4d5843bea6b91d12307b9 804f52d6b105621816aa1acdc99289170654802659dfd5c7e1c3a8d51e468175
CLIENT_TRAFFIC_SECRET_0 4cfde2bcaf6687a04e08bdeba0332e5e9f824dbd70b4d5843bea6b91d12307b9 339a7f951fd84bf6efe54b7df47499abec1f4373f01c0f0b220bd99bd1930e23
SERVER_TRAFFIC_SECRET_0 4cfde2bcaf6687a04e08bdeba0332e5e9f824dbd70b4d5843bea6b91d12307b9 6f40bc69af16f7da473987746524e9a16205d0402f6393cf7329071643c4a8eb
EXPORTER_SECRET 4cfde2bcaf6687a04e08bdeba0332e5e9f824dbd70b4d5843bea6b91d12307b9 20548882d1b14743c648977c6a0bcb2ba279621aaa931fec88adda8df088d58e
CLIENT_HANDSHAKE_TRAFFIC_SECRET c6bc3f25a21f8772444a827b73c423c11c5df1783734d77b0d877f564c451b88 d12d538e348eefa28a70762a8d63b53caec9445222db29c352c26442a682dd71
SERVER_HANDSHAKE_TRAFFIC_SECRET c6bc3f25a21f8772444a827b73c423c11c5df1783734d77b0d877f564c451b88 f065f0158b60e6f0cb003e7404da30b1000b856a6b6f532408b0cc8cefe1f676
CLIENT_HANDSHAKE_TRAFFIC_SECRET 15dfb79088edcd3011b10384303f32d8d50fa7bce4a984dcc8342db605534d48 aeb52a7e9c8861405f4289986ba4dab0e6b2ae3d206b9a5fcbd944e94f015d62
SERVER_HANDSHAKE_TRAFFIC_SECRET 15dfb79088edcd3011b10384303f32d8d50fa7bce4a984dcc8342db605534d48 91f4688557dfc90e53c50cae2b97db80d721b790556fac5ab0bfa6181b2d81bf
CLIENT_TRAFFIC_SECRET_0 15dfb79088edcd3011b10384303f32d8d50fa7bce4a984dcc8342db605534d48 e5ecf7a532e5e3d3ea3f0494a0b14ec3f30c55d94920d7d383d3ce9b6dc3a894
SERVER_TRAFFIC_SECRET_0 15dfb79088edcd3011b10384303f32d8d50fa7bce4a984dcc8342db605534d48 f5cd79aa8db1f9a406c771a00886f9313219389c25405b10f433383a8f751ed1
EXPORTER_SECRET 15dfb79088edcd3011b10384303f32d8d50fa7bce4a984dcc8342db605534d48 800a39dbadc3f08098337af6655fd1ad125fd566f7605678e20e1f3fb53b6d11
CLIENT_TRAFFIC_SECRET_0 c6bc3f25a21f8772444a827b73c423c11c5df1783734d77b0d877f564c451b88 b6b0cb65af4bb8c4f29a0af4756c5c8ee286b8e87b952ec12f224c74c0dd52ec
SERVER_TRAFFIC_SECRET_0 c6bc3f25a21f8772444a827b73c423c11c5df1783734d77b0d877f564c451b88 85554cd6aed3763021bbe6c8fafa98593649ecbdbc7e2fd24e0c522edeaaf5eb
EXPORTER_SECRET c6bc3f25a21f8772444a827b73c423c11c5df1783734d77b0d877f564c451b88 8484b0769490b51a295e41312dc01875c19fff0dd5d37b7f61d4effaf15943f9
CLIENT_HANDSHAKE_TRAFFIC_SECRET 13bcf818b42b76d6316c3732002c6808760a8fd0dddff2f4c4b8be703e1b47d3 ebdd36c3bfdd300aaba361e6b4eb0e29d38531be90bcd96ebc539a54bdea28bd
SERVER_HANDSHAKE_TRAFFIC_SECRET 13bcf818b42b76d6316c3732002c6808760a8fd0dddff2f4c4b8be703e1b47d3 56e10b5afc9826f744f2211aa52d58e6cde200821139e0b68f037a37a292cbd1
CLIENT_HANDSHAKE_TRAFFIC_SECRET bd03f71f89fa0004435af7586a6c8d139e610ba871ace955afcfe09d4604aa88 dc6079306f143a1e29c1789cdebb04431abd527327643b70cee973db73be211d
SERVER_HANDSHAKE_TRAFFIC_SECRET bd03f71f89fa0004435af7586a6c8d139e610ba871ace955afcfe09d4604aa88 752dfa1e4f39d258a4ac496d0057ac056bcbee4db082cbd604ca4a2258521383
CLIENT_HANDSHAKE_TRAFFIC_SECRET 029b941255f5753472e769685b656c7b6621927038087234e9f8ad4791fbbc53 d5774a559dee7004029004e14ee6f144d168ee2f71533991e17ef4c5ab04e897
SERVER_HANDSHAKE_TRAFFIC_SECRET 029b941255f5753472e769685b656c7b6621927038087234e9f8ad4791fbbc53 097fd3eb37e01f0c225d758989ca74d5053d30d6d35c1b7f97e2018797178569
CLIENT_HANDSHAKE_TRAFFIC_SECRET 2373904a5be040734e51b94a7364d60256ee960e99cd062b1d18ba7e0d0d69c5 4f60328d208060561c4b502254a756ddaeca8750e53f14cde75fd1acdd6f6696
SERVER_HANDSHAKE_TRAFFIC_SECRET 2373904a5be040734e51b94a7364d60256ee960e99cd062b1d18ba7e0d0d69c5 2d5ffcf10650a632b40dcb2cbba139cfd78fabdd873ee331780b9413828a1c74
CLIENT_TRAFFIC_SECRET_0 13bcf818b42b76d6316c3732002c6808760a8fd0dddff2f4c4b8be703e1b47d3 b02c5226a0b140378cf64b303ffa871119058802858e970ba549bea4502ffe28
SERVER_TRAFFIC_SECRET_0 13bcf818b42b76d6316c3732002c6808760a8fd0dddff2f4c4b8be703e1b47d3 2a642953e17f47fd82d465a04b88722bd4897a896db6eb71f4e0b4dc48a07714
EXPORTER_SECRET 13bcf818b42b76d6316c3732002c6808760a8fd0dddff2f4c4b8be703e1b47d3 e5325aa8d667f89cc1a357dc34615c44819806b32c0daeb5dc756d9f05445adb
CLIENT_TRAFFIC_SECRET_0 bd03f71f89fa0004435af7586a6c8d139e610ba871ace955afcfe09d4604aa88 2bd1004ef92b2ff703715647cc98f8c8f1c660e6a54140cc4012a4befc65ef88
SERVER_TRAFFIC_SECRET_0 bd03f71f89fa0004435af7586a6c8d139e610ba871ace955afcfe09d4604aa88 2dd2d51331f08c0ebe23e3a945251540c2aefa5b84e68c185e16e1e0b231b835
EXPORTER_SECRET bd03f71f89fa0004435af7586a6c8d139e610ba871ace955afcfe09d4604aa88 af42e844e9e0280f8a9f4722f31a680aa81e5a2970cf01f6348b6671ade9b771
CLIENT_HANDSHAKE_TRAFFIC_SECRET 7e94a85f84059d3816399252c348133d4fa07d7d7683c026a2e99c08c0a1e153 e7852e1a5d9bdb08894308765e1cd50573bdcfa96a522a9244d84dd3d4c6b066
SERVER_HANDSHAKE_TRAFFIC_SECRET 7e94a85f84059d3816399252c348133d4fa07d7d7683c026a2e99c08c0a1e153 3b8c9f13230c975c766373bf74a9cd42cfce55bb4766eb3f4a3811c72254d1cf
CLIENT_TRAFFIC_SECRET_0 2373904a5be040734e51b94a7364d60256ee960e99cd062b1d18ba7e0d0d69c5 6d22863d93ee4645729a43776021e3b44873e8e1f493c116be255d25252a08fb
SERVER_TRAFFIC_SECRET_0 2373904a5be040734e51b94a7364d60256ee960e99cd062b1d18ba7e0d0d69c5 01f909620e7feb500cd4b5e85a43f5ec8bb61fed1ac96c5b2aa3602b7a3b88f0
EXPORTER_SECRET 2373904a5be040734e51b94a7364d60256ee960e99cd062b1d18ba7e0d0d69c5 6a6d7d5bac6d96ae0d72afd936a6edafbdb275a3ed284dcf6c1990d6868ccd8b
CLIENT_TRAFFIC_SECRET_0 029b941255f5753472e769685b656c7b6621927038087234e9f8ad4791fbbc53 748b93d6e743e97ffcc4179e9afa5864724471902fa66d52787e67b8957e13df
SERVER_TRAFFIC_SECRET_0 029b941255f5753472e769685b656c7b6621927038087234e9f8ad4791fbbc53 09a2d5f77bb377005d0987c69c8844ee4371fd689a7deac25753a00b1e9f101f
EXPORTER_SECRET 029b941255f5753472e769685b656c7b6621927038087234e9f8ad4791fbbc53 c801904281dcc12ba0280d0cd152c1b45f6a84626ca819bfee8b79f30ad3f330
CLIENT_TRAFFIC_SECRET_0 7e94a85f84059d3816399252c348133d4fa07d7d7683c026a2e99c08c0a1e153 c94a8453705c76cd8c3b9c934f979994f73486e94c99e173bfa8ef72e67edcd0
SERVER_TRAFFIC_SECRET_0 7e94a85f84059d3816399252c348133d4fa07d7d7683c026a2e99c08c0a1e153 58cb19ecc58102c718c9ad744c308dbfea280edc33239a51d0a9b5d72ae91e45
EXPORTER_SECRET 7e94a85f84059d3816399252c348133d4fa07d7d7683c026a2e99c08c0a1e153 78ef233671e7b4452c0f6bf518280b86d8f6dd52907dd81ac997ae1ecfe2b23d
CLIENT_HANDSHAKE_TRAFFIC_SECRET 97f5890bd23ba865c3bafae24bfb7e207f87ae2071896200faf13935bdefe64d 9be2ada8e6b8a3ec81730195393239159ac0cef99cd850a83815ce6e8a6813fa
SERVER_HANDSHAKE_TRAFFIC_SECRET 97f5890bd23ba865c3bafae24bfb7e207f87ae2071896200faf13935bdefe64d dd5653262ba32eeb24a08273c8dff9f80a86e90567154646f828effd6a6f3d12
CLIENT_HANDSHAKE_TRAFFIC_SECRET b5d1444068ebc53ffd708c2615088254332efb13ee09ec537689617a76f35dfa 94282becaba68f9ac3bc29859ec5ee040d1a54814390d4779e7e0bbdbdf55ab1
SERVER_HANDSHAKE_TRAFFIC_SECRET b5d1444068ebc53ffd708c2615088254332efb13ee09ec537689617a76f35dfa e2a3898228fdd09ea2186758ce5334b980f1f233bcf87904f20ed0463463ba3a
CLIENT_TRAFFIC_SECRET_0 97f5890bd23ba865c3bafae24bfb7e207f87ae2071896200faf13935bdefe64d d42872a4f4891e1d0b3a4dabb236a62318653e72da59983ad80dc9947512a7e9
SERVER_TRAFFIC_SECRET_0 97f5890bd23ba865c3bafae24bfb7e207f87ae2071896200faf13935bdefe64d 684fec9a93b8ea70d224348817b95c05e50a314cad4f1833576a7fd88443f568
EXPORTER_SECRET 97f5890bd23ba865c3bafae24bfb7e207f87ae2071896200faf13935bdefe64d 996e23da5354f456f3a07f10c8682b5122710ac3baef0f83d40267a3ba94e20b
CLIENT_TRAFFIC_SECRET_0 b5d1444068ebc53ffd708c2615088254332efb13ee09ec537689617a76f35dfa eb933415b1b1fe8fff885edfa6549a0755545610476dad4c93ec3882e13e9a38
SERVER_TRAFFIC_SECRET_0 b5d1444068ebc53ffd708c2615088254332efb13ee09ec537689617a76f35dfa 5bafbaff1421d00719aa40544dac58a78c6b7c2f6fd051cc435e1a4b13b35fed
EXPORTER_SECRET b5d1444068ebc53ffd708c2615088254332efb13ee09ec537689617a76f35dfa 73955dad3fccc17fbb637ec3297d885f42145cdc84b3fcaa5d00381867220e20
CLIENT_HANDSHAKE_TRAFFIC_SECRET ecd495b410887b7ffdb3d926e36bf9f5d91b45adcf67c395083099714774845c 98796ac0d8f70006c834f301e85e9c3abc9db5e26631f0a33d1981ac01f5b61f
SERVER_HANDSHAKE_TRAFFIC_SECRET ecd495b410887b7ffdb3d926e36bf9f5d91b45adcf67c395083099714774845c b865018debc68cfb88976519c09b617b1973fb78c3bb18d9f36823fce3a9e42b
CLIENT_TRAFFIC_SECRET_0 ecd495b410887b7ffdb3d926e36bf9f5d91b45adcf67c395083099714774845c 915aba535e9113dfebfccfc6d926fa960fc5f75df13baee4182a5bb017afff34
SERVER_TRAFFIC_SECRET_0 ecd495b410887b7ffdb3d926e36bf9f5d91b45adcf67c395083099714774845c 1376a189ca400b970495a82d4f56b4cdec29a5ca307f9038296faec73185aaa6
EXPORTER_SECRET ecd495b410887b7ffdb3d926e36bf9f5d91b45adcf67c395083099714774845c 49ade491ea8a1a3d511f7bcd76781905194202a2437eeffded19691155dca3b1
CLIENT_RANDOM 0e6298670c3408ca4dac6da20a799df992a62a6b3938be73634c91bb108774ff d5e94fc43dfaf9855a7ca370dfb293125d3ee7c4ffd244e8d4458a2ad0e9602d411f331130cb949d1ba52c2db5fbf2bc
CLIENT_RANDOM 163ca69ab8288afc285fbdd258ce9c5f9c45fd3498cbab577a281321c0f5975e 59214ae6012ec5e8baf04d840cbf820a2a00fb48f4cdd9ad2af2b7bad0c3a1adb33d71eabf3582672e6a6c720111effb
CLIENT_RANDOM 7b892d6c9d7a5eb4137710140bbb590ff8eab0ee0fa6dd5925c9eb8f91c23972 ac2771f5bd8c0f4814f002b8c220921607ba5ee7439a6317b81bb8b4dccad0d2100b49f7adf041ae5add2e3f421d053f
CLIENT_RANDOM 9876e39ed18e47b405b62d1d793d0622ed673959dac12924d6a7f071e33e4ee8 3c5bf2fc4f6e212842d550c35c6940e6be39792c841017e5c9e55d77130021ed5ae26cb193c743da88807980fb192330
CLIENT_RANDOM 6deba0f704efc348b7d98cd2f7d87d29f57bf2108f89cc512b9bd993d52c6b9f a2233bc6ef7108d7e48062f1095260af3c294e9ea4857544af1eb18ede6c1d0d0306efe787185907298c063375c36229
CLIENT_RANDOM 5b3d31d3ebbb60f0f4127ec4bb51e54390323aa3ae3fd9d8b219601cfdc9e18b 3bc5507e5d601a5ef1311852967987ad8993d63b55ddca22f20397b3065f58e8204d95a58a29373ebf533ef782469de6
CLIENT_RANDOM 582aebd4070797257fa74f18d970cf89aec27870d7a4bd86c126d01f96741b5c 3fe021afdbf14c0c14162356df0761f085c5bf82eb4455490b62f404d7c59cd43ec9b219fe318a9f6d18a1362a5d4a10
CLIENT_RANDOM a20f6a1b07eace82ffdc3e18b8fdf2c2903f3e2aa2351f0fad1c16a84966d5f5 650083a8d5dd1b22abbfcd9823d67282dd4a30f55e8921e5ae42384091b81a5f8b62f1e266af4aa73dce62607b05e68e
CLIENT_RANDOM 060cc93ad8d88dfa10c3ce5735ad4b7be8f1d305d7f3c12859dd72fe94003f0a 4202bdfb57d6a0c83894f0d22bd92cd1ca434e57f5c63d525b9a9433a4020d4819deff86718680a5e4bbc2104289e410
CLIENT_RANDOM ed8b6ba2933bcc644da70c2d32ef28d97b7a3b2183405b5cd797908802c7dacc 46c33687fbd1c7edd215ee7445791f81b939661088e4767df594496adce0a566d48ce85fa0fc7db5d1895b9c63934a1f
CLIENT_HANDSHAKE_TRAFFIC_SECRET 215c82808349a14538bf2e366ea28e969c2d5b4160a94959b64e6e664fc374c4 1c492e2004c243e12600e4536dea362fda3b25b0152569574b4ff360ca9cdf21
SERVER_HANDSHAKE_TRAFFIC_SECRET 215c82808349a14538bf2e366ea28e969c2d5b4160a94959b64e6e664fc374c4 4ce502eea36b4e52767d07bb6f7c292131c3a87fa115aceba8638c8f789908d0
CLIENT_TRAFFIC_SECRET_0 215c82808349a14538bf2e366ea28e969c2d5b4160a94959b64e6e664fc374c4 bcb3d43ad3d55ba1837fba06104ea2b43cf40016bbb12ac415c91350e2e60fd6
SERVER_TRAFFIC_SECRET_0 215c82808349a14538bf2e366ea28e969c2d5b4160a94959b64e6e664fc374c4 ed49f2418f46a73daeab28209cfe632d544328d348236cf65830ae42b658c8d0
EXPORTER_SECRET 215c82808349a14538bf2e366ea28e969c2d5b4160a94959b64e6e664fc374c4 6629dfa7a3850d198fded4a9a2622c35a5ab425c6d34389f3cd836b0c30229fc
CLIENT_HANDSHAKE_TRAFFIC_SECRET 783f22e7748ce481b50a2e3c96afc6c7d3ac62795096cd1e605986424ba6a83c 923f306c9ed42abc7a9981033e2a24fd7a70702f507e4757ea51b2954ade8e7e
SERVER_HANDSHAKE_TRAFFIC_SECRET 783f22e7748ce481b50a2e3c96afc6c7d3ac62795096cd1e605986424ba6a83c dec8da58735205d673c48a56017a1a1a5fe6f93f27719ffa176bbe6da3a77c2c
CLIENT_TRAFFIC_SECRET_0 783f22e7748ce481b50a2e3c96afc6c7d3ac62795096cd1e605986424ba6a83c 49cb79ada97c1e2dead9d2f1e9fdf33176272eff3907549f68144e817cc11827
SERVER_TRAFFIC_SECRET_0 783f22e7748ce481b50a2e3c96afc6c7d3ac62795096cd1e605986424ba6a83c 51fb872ebaaea5b82bda7e3fddc6060d4eb00f84a5e6583267b9f4235ea270de
EXPORTER_SECRET 783f22e7748ce481b50a2e3c96afc6c7d3ac62795096cd1e605986424ba6a83c 18cb98606f38f16a605cad23d48958c5f475d39d344508ffa946940d0dc600b5
CLIENT_HANDSHAKE_TRAFFIC_SECRET 165dca8f1d4373d980ec2865126af4414090199874e55904418272a7a15ac186 453e66a004d0dfb86d7eca80443bc729e535f9d4f463830526d154fa73b6d0d3
SERVER_HANDSHAKE_TRAFFIC_SECRET 165dca8f1d4373d980ec2865126af4414090199874e55904418272a7a15ac186 46dbdec747f405b6e8cbc9fa78d2a4f57a259ecd1ff6864788087f3c711751bd
CLIENT_TRAFFIC_SECRET_0 165dca8f1d4373d980ec2865126af4414090199874e55904418272a7a15ac186 f0384045babe9f1af03b5a31bc6d7b5c897ed49eb7584c3bf6d735e6c2875008
SERVER_TRAFFIC_SECRET_0 165dca8f1d4373d980ec2865126af4414090199874e55904418272a7a15ac186 9e7831d18f5acf08634ac4bcea50da2439ede1f8080313cfa4bbccfe9cfd73b8
EXPORTER_SECRET 165dca8f1d4373d980ec2865126af4414090199874e55904418272a7a15ac186 d09ba5bc70472913d1f1eff205d1203ab8bf2f9e4374611d7f37001bddf5b1bf
CLIENT_HANDSHAKE_TRAFFIC_SECRET 39aff65d98661cc710014434b97816fc35caa7edeed4d2d82df4910cd77c417d e2f931726b8a4db49898ee3a44c66e86b26ee27b6d6fedb279607d7fb85ebed9
SERVER_HANDSHAKE_TRAFFIC_SECRET 39aff65d98661cc710014434b97816fc35caa7edeed4d2d82df4910cd77c417d 3bb63c5ce851741351abe633479540aa9e091b5667824e25e6c76a022fbe60ee
CLIENT_TRAFFIC_SECRET_0 39aff65d98661cc710014434b97816fc35caa7edeed4d2d82df4910cd77c417d a54a56dfd5f3ba5f43a0e84d5fbaded79003ea1376e71e2099a1f7ba0975f92d
SERVER_TRAFFIC_SECRET_0 39aff65d98661cc710014434b97816fc35caa7edeed4d2d82df4910cd77c417d 8ac3e6d21c6f8f399c47354216de7627a5a97669c5fabadf753d397c798559ba
EXPORTER_SECRET 39aff65d98661cc710014434b97816fc35caa7edeed4d2d82df4910cd77c417d 83fcf069fe53cfc2b4a168e47eeb3271f136cc109ba56aa7585d499fbad22dc7
CLIENT_RANDOM 642df84c9d37dca76aab598ac4537e6bac8567972b79476e6198468571a3192b f1a4bf1b52b1c879f8df3a1a637fe6ea0f92d544ae591276b830272a38508ea6ef13d8c1c8bebd20e1f757c4db1b3e73
CLIENT_EARLY_TRAFFIC_SECRET 429a5ec3dc8a5aeb618a3301a4e69af9d04229135937dd48c112b5750c077885 e243b11e320e626f366410a1dba3f72daf3b5e894f065ab0104a808b717ce4d9
EARLY_EXPORTER_SECRET 429a5ec3dc8a5aeb618a3301a4e69af9d04229135937dd48c112b5750c077885 1afd89b70d24bd8c55655e74a8ac3cd5ba92014bbaff0c916ff91538ed74f7d7
CLIENT_HANDSHAKE_TRAFFIC_SECRET 429a5ec3dc8a5aeb618a3301a4e69af9d04229135937dd48c112b5750c077885 32f6ff6e381e97b9e9892a73bd1cb599bcef1f78ebda3db1b306f81d5a9cc65d
SERVER_HANDSHAKE_TRAFFIC_SECRET 429a5ec3dc8a5aeb618a3301a4e69af9d04229135937dd48c112b5750c077885 ef56f2941ced44a9c7399494a1015fada82bcb528d534e6be3a3ba99e1970fb5
CLIENT_TRAFFIC_SECRET_0 429a5ec3dc8a5aeb618a3301a4e69af9d04229135937dd48c112b5750c077885 48987087795445aefebed09fccd26a71d15da0c06c4ebd64b7e547bb509d94ba
SERVER_TRAFFIC_SECRET_0 429a5ec3dc8a5aeb618a3301a4e69af9d04229135937dd48c112b5750c077885 7208e3473c03f2eb27719e20e41236fd4a373eef04736e872a5e21628ccb1fd5
EXPORTER_SECRET 429a5ec3dc8a5aeb618a3301a4e69af9d04229135937dd48c112b5750c077885 b270c986d9857959b70342ab1b8c22334dcbb7e9cedc3614c2b0e9b1b0735c71
CLIENT_HANDSHAKE_TRAFFIC_SECRET 361968119912a4478690bd71d5f88398b9fae3e85345ea698e1282e6672b14fb 59f08b2d9a2f20879bfb5db23ebbdb32a053e24c0ec36bfb03ab99a0d89db4e3
SERVER_HANDSHAKE_TRAFFIC_SECRET 361968119912a4478690bd71d5f88398b9fae3e85345ea698e1282e6672b14fb 236fc77f9e3a7509042ea9ffe78494da3791e6f82660cb00e6ab96697af86bcb
CLIENT_HANDSHAKE_TRAFFIC_SECRET 5eb248e42b8d5439538fbfda2e032a8ff83d94f07bc3f67757fa1a360a714f00 84906a07e25120e3da637c2ec15b75e356eb818601a65a04344d073aaf6ec03a
SERVER_HANDSHAKE_TRAFFIC_SECRET 5eb248e42b8d5439538fbfda2e032a8ff83d94f07bc3f67757fa1a360a714f00 48bfd8b76582d09ece9edf26c1897b463dcfe506d4a7386a9cdf6a68b2a73dcc
CLIENT_TRAFFIC_SECRET_0 361968119912a4478690bd71d5f88398b9fae3e85345ea698e1282e6672b14fb 06997b9b635bcfaf21a9189b6c18b3d9a6c67f4c9c4d9cc08dfaca029c9d2a3d
SERVER_TRAFFIC_SECRET_0 361968119912a4478690bd71d5f88398b9fae3e85345ea698e1282e6672b14fb e4adfc1601536f31a68f9dfbc6e72da896e77c81dd1e384d251c9b0497c700b9
EXPORTER_SECRET 361968119912a4478690bd71d5f88398b9fae3e85345ea698e1282e6672b14fb bd61fe2cb73f87a95ce2e20ddaf8df41206515e5b503608d11f3e59b9db14672
CLIENT_TRAFFIC_SECRET_0 5eb248e42b8d5439538fbfda2e032a8ff83d94f07bc3f67757fa1a360a714f00 c85d2c94e6e350db3e258e84424b2b5839b46bd8fd07c555e45e5c59ab33a7c8
SERVER_TRAFFIC_SECRET_0 5eb248e42b8d5439538fbfda2e032a8ff83d94f07bc3f67757fa1a360a714f00 83f14891b70769843371670309c98880434f3ecd0473f348a9f32e2b86022db0
EXPORTER_SECRET 5eb248e42b8d5439538fbfda2e032a8ff83d94f07bc3f67757fa1a360a714f00 756570c1adc6494806fb2d47c9923b90565ea8ddb99a67271d3d2e352e732b27
CLIENT_RANDOM fa482dd4915b2ca8b21a732b6174af32ed549440a32fd0937693e3f51c651374 5f658864a9d4506f8b9a1a8881e9b8ada06709b7e485c3702f239cdb6c52099d03fae22a9577578e2f907d6feb7f0999
CLIENT_HANDSHAKE_TRAFFIC_SECRET c7b6965a9b6b86e418af66b3dc52a05933a217568191b8bda24b4dca6d2d9a94 8d36f32e8be6ea59e4f11d128613cd6c730b47b1b1bea13db14b559b3441930f
SERVER_HANDSHAKE_TRAFFIC_SECRET c7b6965a9b6b86e418af66b3dc52a05933a217568191b8bda24b4dca6d2d9a94 ff8df24daa09619f69ee2505fbf970113b3ce8e2797f4172e87e957448c93934
CLIENT_TRAFFIC_SECRET_0 c7b6965a9b6b86e418af66b3dc52a05933a217568191b8bda24b4dca6d2d9a94 d332a60eac8a6aa57bcd87262be86e028a4b670ea3530265d08a1b2bd3454e12
SERVER_TRAFFIC_SECRET_0 c7b6965a9b6b86e418af66b3dc52a05933a217568191b8bda24b4dca6d2d9a94 f79c8aeb13be5170312384f96ce7bde7e6a7b9d616ff02e3eb886e3148f3f1bf
EXPORTER_SECRET c7b6965a9b6b86e418af66b3dc52a05933a217568191b8bda24b4dca6d2d9a94 d5382d8c26aad9ced58e0e01dde0ad5674af8f598b78f04e8848a1c46e9bf23e
CLIENT_HANDSHAKE_TRAFFIC_SECRET af36ba1fac6915361ddaf9f43f92c4da72096238ef9d33a3b2f5e359c8c077f5 cc450f2e06a7240bcff5f33a2be4fd3f844db9422ed1e94e29e801e309b23b1f
SERVER_HANDSHAKE_TRAFFIC_SECRET af36ba1fac6915361ddaf9f43f92c4da72096238ef9d33a3b2f5e359c8c077f5 9771c64edcb3aa9a7c17d893cecf9becf5e7042b5d62a0898fd9f298fc21b903
CLIENT_TRAFFIC_SECRET_0 af36ba1fac6915361ddaf9f43f92c4da72096238ef9d33a3b2f5e359c8c077f5 5b096a26d07fc4e3485fd23f3890bd5ef15281a8a99a413fbe49ecb44ec01a63
SERVER_TRAFFIC_SECRET_0 af36ba1fac6915361ddaf9f43f92c4da72096238ef9d33a3b2f5e359c8c077f5 918bf8c9147fcb614fd29227b45dd8199aed70d6a6b23c33c7a0be85673abe00
EXPORTER_SECRET af36ba1fac6915361ddaf9f43f92c4da72096238ef9d33a3b2f5e359c8c077f5 c515cefe0abff499d2694dfafdfe2ee38ffb9d8a068e161b0207eb0578098248
CLIENT_HANDSHAKE_TRAFFIC_SECRET 37c19110f443bb962b00b690505a8fb8374581a1d5a9c9d4bec89d659ee55672 0b2aa0da2b4f2b1f25753a774dbd4f112f9ed4080f9f4a9d7d5c3a9729eb1c8d
SERVER_HANDSHAKE_TRAFFIC_SECRET 37c19110f443bb962b00b690505a8fb8374581a1d5a9c9d4bec89d659ee55672 0dec26759ed7b21f17b1750bcff582b1e67c8f2a790ad7647908e046f0d76ffd
CLIENT_TRAFFIC_SECRET_0 37c19110f443bb962b00b690505a8fb8374581a1d5a9c9d4bec89d659ee55672 b4b5128986a62109a36dcb6e9d15ed743fa234782c069ae9063c485268d1d64b
SERVER_TRAFFIC_SECRET_0 37c19110f443bb962b00b690505a8fb8374581a1d5a9c9d4bec89d659ee55672 3792b1da65fb6f12abe12a7a530a0d84f1af5f484ce59106946075430aeef0e9
EXPORTER_SECRET 37c19110f443bb962b00b690505a8fb8374581a1d5a9c9d4bec89d659ee55672 bde24ac649043eeed177a009db02532ed27b2af9bf3c45468b7c65d95bba5e2f
CLIENT_HANDSHAKE_TRAFFIC_SECRET 6e072b7a3260a369bcff10e48ad14abef2a24c4ea75d65db7c2b1b675546f0d2 809e2278fb3f890c44ec9bceaa21072673a8adc52c8eae66883dd01bf2f0bcf8
SERVER_HANDSHAKE_TRAFFIC_SECRET 6e072b7a3260a369bcff10e48ad14abef2a24c4ea75d65db7c2b1b675546f0d2 d6cdf39e3efc421b13f834b466b5af7b99ab2f83c64b1e844a0dcba808c2b30b
CLIENT_TRAFFIC_SECRET_0 6e072b7a3260a369bcff10e48ad14abef2a24c4ea75d65db7c2b1b675546f0d2 a9a3f7c710c773e8a21b44188aedd17ac12301ab130400e1bea6dd4ba65977a5
SERVER_TRAFFIC_SECRET_0 6e072b7a3260a369bcff10e48ad14abef2a24c4ea75d65db7c2b1b675546f0d2 0f545cba45a11464ad2310c07b05f1698b79563ddcd6a4b068f9a89272d662be
EXPORTER_SECRET 6e072b7a3260a369bcff10e48ad14abef2a24c4ea75d65db7c2b1b675546f0d2 f11aa61289307001e59069ec10c3fdbfe3201d8e0db94827b95425a45cd20080
CLIENT_HANDSHAKE_TRAFFIC_SECRET 5d4c847c7b5699c32f703661c05e2abe3c0e2a0900548b033d5642d757cc34ff fee2ca98970a3448f136d741d1d5f55e2eee244be70489cfeacb458a77777fcc
SERVER_HANDSHAKE_TRAFFIC_SECRET 5d4c847c7b5699c32f703661c05e2abe3c0e2a0900548b033d5642d757cc34ff d279f77e0b5edf0422c588d9ae424d357895d7828c0735638ca649fbb0488fc5
CLIENT_TRAFFIC_SECRET_0 5d4c847c7b5699c32f703661c05e2abe3c0e2a0900548b033d5642d757cc34ff 8acd5f0f1b50390fd5bdb136a128900ec103b7cbee968da5baf8b78938712c92
SERVER_TRAFFIC_SECRET_0 5d4c847c7b5699c32f703661c05e2abe3c0e2a0900548b033d5642d757cc34ff ac8b059d78aeb5bac9eaa59e54c374c824da609ac73f345d5d3343da7d6390a2
EXPORTER_SECRET 5d4c847c7b5699c32f703661c05e2abe3c0e2a0900548b033d5642d757cc34ff 8ce6dc91fe2ccafc164fdef5f9d57967fb390d54731f68aeafd451e05f5efc46
CLIENT_HANDSHAKE_TRAFFIC_SECRET 1568f0c8bb7041f5de4580104b74311c3ab81afcbc2277b6618e6f078671545e dc19cbf52ebad1bba8be5035f5f6d10d109af8f5e4b5d3261dcfed2f3214127a
SERVER_HANDSHAKE_TRAFFIC_SECRET 1568f0c8bb7041f5de4580104b74311c3ab81afcbc2277b6618e6f078671545e 14315cddeb897e4c31b962a4b26b73adaf4abe39b372fba26ed8ca8243b2e4a5
CLIENT_TRAFFIC_SECRET_0 1568f0c8bb7041f5de4580104b74311c3ab81afcbc2277b6618e6f078671545e c70a2b75a87dc1baa0a2d97baf6c755e97e5065e03b599eeb120a4d2ebadca00
SERVER_TRAFFIC_SECRET_0 1568f0c8bb7041f5de4580104b74311c3ab81afcbc2277b6618e6f078671545e 4cfe86d7f92d92135b8cae207f81f41d15b4e269622cab93d3127c7b55b9103f
EXPORTER_SECRET 1568f0c8bb7041f5de4580104b74311c3ab81afcbc2277b6618e6f078671545e f28c1f72bc0e408c06a8cd6a1a40c415be7e708f5955d7ad2890c9a1b8048be3
CLIENT_HANDSHAKE_TRAFFIC_SECRET 112d9d6b0e10acc67e1fcca7fe256497edbf197c314251c0015684a6bfbfa103 475f8dfb08a0dc95225bf7c9e83cc8609e6c696c0dd2c0b95e84c5b3a76fb21d
SERVER_HANDSHAKE_TRAFFIC_SECRET 112d9d6b0e10acc67e1fcca7fe256497edbf197c314251c0015684a6bfbfa103 7200ae88c7184ae6c27170355d2ed31e06d2f31095f4df73e26dac6cd5cd2689
CLIENT_TRAFFIC_SECRET_0 112d9d6b0e10acc67e1fcca7fe256497edbf197c314251c0015684a6bfbfa103 e48fa4733d7b09300a6eef6d6b1c144d342fcaaace886be785e56ea3328c6c26
SERVER_TRAFFIC_SECRET_0 112d9d6b0e10acc67e1fcca7fe256497edbf197c314251c0015684a6bfbfa103 497ecc6ede7c4c404de9d8564acdaa0b360b17bcf9eb1f74a7a06157496aed5e
EXPORTER_SECRET 112d9d6b0e10acc67e1fcca7fe256497edbf197c314251c0015684a6bfbfa103 6966a3eaa2704af9106158c669f8ca4c7506d4c31928a1c21c9c9eb9e3b15240
CLIENT_HANDSHAKE_TRAFFIC_SECRET e8374efa57b857f57d539d6c6d27428367ddd00718eb4e0a90a4b54fc9749a25 235f6878ba81543d9f93253daa0cfd41c8c9d09818f31c167d2b9f69849db880
SERVER_HANDSHAKE_TRAFFIC_SECRET e8374efa57b857f57d539d6c6d27428367ddd00718eb4e0a90a4b54fc9749a25 d0138ef355078fc601c27da5b9acb464b2072531f272db4fb86828dcac168573
CLIENT_TRAFFIC_SECRET_0 e8374efa57b857f57d539d6c6d27428367ddd00718eb4e0a90a4b54fc9749a25 b782ec9c6953e2c88246cef83936e0215c5e05e467c4afaed454af0f9e6cfcb0
SERVER_TRAFFIC_SECRET_0 e8374efa57b857f57d539d6c6d27428367ddd00718eb4e0a90a4b54fc9749a25 04254099f6c7525f996afaa24a2b90b803b99aeabfb9d991453a5709e7a1ae1c
EXPORTER_SECRET e8374efa57b857f57d539d6c6d27428367ddd00718eb4e0a90a4b54fc9749a25 c10af1a25f774a1e97f37b4556c62e29fa75120669df98dfcd318874cfb82892
CLIENT_EARLY_TRAFFIC_SECRET dd53adf05071a73c42136222db369ff78cec532aee4eb52337d1373b54990af2 04347dd9a3e73a84b6e9b3a609a3dbaf91a4862153ce8d3f7d74fb40fd2fdcb8
EARLY_EXPORTER_SECRET dd53adf05071a73c42136222db369ff78cec532aee4eb52337d1373b54990af2 0e61f570be9ec43251c9479cf0322bf6ed2f6abc5c7b9f4626b853d7d1782ad3
CLIENT_HANDSHAKE_TRAFFIC_SECRET dd53adf05071a73c42136222db369ff78cec532aee4eb52337d1373b54990af2 0cce27b334c203e26d24e5d5b5f620126af393b585312e32486f4c4bac0c4f67
SERVER_HANDSHAKE_TRAFFIC_SECRET dd53adf05071a73c42136222db369ff78cec532aee4eb52337d1373b54990af2 ac055c060496ab1a17a1fc2130a82ccb4ea7c5a3cc04c1d502665fe54bfb8fdd
CLIENT_TRAFFIC_SECRET_0 dd53adf05071a73c42136222db369ff78cec532aee4eb52337d1373b54990af2 d1367ce0acab2f7773bed571fa2ee906e9249db78f57c885c5f12cee75f0120e
SERVER_TRAFFIC_SECRET_0 dd53adf05071a73c42136222db369ff78cec532aee4eb52337d1373b54990af2 86a09b4cdd852988974a7f623ea200097e9f89096dfd099b7f166ee053115256
EXPORTER_SECRET dd53adf05071a73c42136222db369ff78cec532aee4eb52337d1373b54990af2 1dfda306d1b7227ca464bae413403d82deceafa2153125fe6a8cd370e17372ed
CLIENT_HANDSHAKE_TRAFFIC_SECRET 2cc58f77a8249fcf15bcbf21084c705ab759d9fffd2b098a3774ab01f794f543 9093ede3ca2057d1903ea7ad1cc09eec4cef660edd52932d10f3a54653526ed6
SERVER_HANDSHAKE_TRAFFIC_SECRET 2cc58f77a8249fcf15bcbf21084c705ab759d9fffd2b098a3774ab01f794f543 88ac811a3676541866cf9b179068bc0955b483674a58e317174df4dd80e0acb8
CLIENT_TRAFFIC_SECRET_0 2cc58f77a8249fcf15bcbf21084c705ab759d9fffd2b098a3774ab01f794f543 c5fd30d422096abc6d0e0d7b32ce89eadb51ea707df6038506bb3f6a1b2686a0
SERVER_TRAFFIC_SECRET_0 2cc58f77a8249fcf15bcbf21084c705ab759d9fffd2b098a3774ab01f794f543 6b80ed82472142528b35c4c27cd498b06c39a5d283e42f5b6dd2179bccd70120
EXPORTER_SECRET 2cc58f77a8249fcf15bcbf21084c705ab759d9fffd2b098a3774ab01f794f543 f1018a947b5f148686a3917ee4bc45eb283c2522527aa7ae74bccb0c38afaab4
CLIENT_RANDOM 8ebb9a7806833cb994cffd5ca31d7f459e1e6f703dbc13900aee3357164de45f 3044a6c8a6a86f27b1b517ccfcc370cd618889f773f78af227c02c36375c8c99db5e73b179a7feb234676394a8ae7d79
CLIENT_RANDOM 655099633bf2d1bbdbccd59222204238581ef20dc9a934b5583703395b96f5f0 9570ba6ea4a608e64bfdecbdc00198619084775cf5b21f77edbdd6315acfbe496b309f627604af5bb05430a3bc8bbf1d
CLIENT_HANDSHAKE_TRAFFIC_SECRET b6adaa14e3ad7934c0b9acbcf1a5c6797aa29ffd66aa8d7af4e3230080a12204 1bd9be9dc8d9dd74fa54024e43fe651818daf8b1752a8536eb5de96c8dfe2bb9
SERVER_HANDSHAKE_TRAFFIC_SECRET b6adaa14e3ad7934c0b9acbcf1a5c6797aa29ffd66aa8d7af4e3230080a12204 8f9fb2e7c0a9ca7b06cb1d43e2d754fab0133a5139c5654b9148cd2ae4c67165
CLIENT_TRAFFIC_SECRET_0 b6adaa14e3ad7934c0b9acbcf1a5c6797aa29ffd66aa8d7af4e3230080a12204 4b3ea3c785a7cdfd76d24a0885974474d332e3729a1dd35b17260e981a0752d7
SERVER_TRAFFIC_SECRET_0 b6adaa14e3ad7934c0b9acbcf1a5c6797aa29ffd66aa8d7af4e3230080a12204 0eaca5fd9700e0faf9da1dbe9e9f2029065cbc6588afeb7cb0a81717c528a5dc
EXPORTER_SECRET b6adaa14e3ad7934c0b9acbcf1a5c6797aa29ffd66aa8d7af4e3230080a12204 07b5c383d4ef57142bbfedb3c48457edd0aeafcf796eafc2b031d8dbbb318f7c
CLIENT_HANDSHAKE_TRAFFIC_SECRET c2e50391afec08e852edf0d8b5404766bf5b730f0f6a578e9ccdccc0bd3676e7 fac0612f5e83f4b66d6da5a61d4e6c6d80d7eb977aa650439fda8b7e1d17f664
SERVER_HANDSHAKE_TRAFFIC_SECRET c2e50391afec08e852edf0d8b5404766bf5b730f0f6a578e9ccdccc0bd3676e7 68cdff61e3ec68832753f1a99556dfc55cfce4629ad58b637359f2d350f8cf48
CLIENT_TRAFFIC_SECRET_0 c2e50391afec08e852edf0d8b5404766bf5b730f0f6a578e9ccdccc0bd3676e7 f32f035b614fc0073dc2a577bcd98667c1dae7f31a06a3ba072c7de07f6908f1
SERVER_TRAFFIC_SECRET_0 c2e50391afec08e852edf0d8b5404766bf5b730f0f6a578e9ccdccc0bd3676e7 1cbdf1eac93403a6bb4ddf2751fb4d6b60fb72bb2f9c34b6d6cb819eb79fc412
EXPORTER_SECRET c2e50391afec08e852edf0d8b5404766bf5b730f0f6a578e9ccdccc0bd3676e7 6511d6096069547206dafbe9e5ecb239363cb39626128cba33958db56207be36
CLIENT_HANDSHAKE_TRAFFIC_SECRET d07a5cd970065df721dd56bbfb67b0418f3b7f1c406bb73936b791a93293ea1f 80b767b0ad335dd7a052184220726f9d13dd44560ff8625d1f7e9ab73d513395
SERVER_HANDSHAKE_TRAFFIC_SECRET d07a5cd970065df721dd56bbfb67b0418f3b7f1c406bb73936b791a93293ea1f 3a6f3df315675b913f71c1361ae596f2cd8a4adde2b202f31e69131bd0717f18
CLIENT_TRAFFIC_SECRET_0 d07a5cd970065df721dd56bbfb67b0418f3b7f1c406bb73936b791a93293ea1f ad935cac72b087e95930fd15fca8cbb3d609ebcfecd6070079c142269bfa43b0
SERVER_TRAFFIC_SECRET_0 d07a5cd970065df721dd56bbfb67b0418f3b7f1c406bb73936b791a93293ea1f 1ed7269018613bc34432a302cfb8d3419620f5d61404ee9b3967676f32f3e5dc
EXPORTER_SECRET d07a5cd970065df721dd56bbfb67b0418f3b7f1c406bb73936b791a93293ea1f 75cf850d17302d3fe397e8e44f589b1d4b96c50f642d10379208a1572cb411e0
CLIENT_HANDSHAKE_TRAFFIC_SECRET 51f45d1ad24b73d3139146a370489218904726fa4238db8f00a9949ac7270a61 fcc5404715815dbdf04cddf760a301d7db0d3de5fab07dbdc7257624546ed93b
SERVER_HANDSHAKE_TRAFFIC_SECRET 51f45d1ad24b73d3139146a370489218904726fa4238db8f00a9949ac7270a61 8b0f30a4ae57b81dfc652aaeeb541e224751b4c8d9760912e1379d937fcdc960
CLIENT_TRAFFIC_SECRET_0 51f45d1ad24b73d3139146a370489218904726fa4238db8f00a9949ac7270a61 a2c9805c726035d73d87db906e5aa0471c1d41904a2f841942dd00ee05a47ac4
SERVER_TRAFFIC_SECRET_0 51f45d1ad24b73d3139146a370489218904726fa4238db8f00a9949ac7270a61 b808c881a4b8ae1c5df963b7c9022350b44296fd9f1b6a9cdd5676d07ed2ba55
EXPORTER_SECRET 51f45d1ad24b73d3139146a370489218904726fa4238db8f00a9949ac7270a61 4d066d1cf2c3621940ba308411e7a95bc45dd51d284c7b08d2ed81b182b690d8
CLIENT_EARLY_TRAFFIC_SECRET 6985b2816635b75ac3ad4e132653995522e17513891ff7b4ff65f75291d7d61c 0fb95020e938020309f22826ecf25478e4c69f5afcf9c94c79ea47fc8b966683
EARLY_EXPORTER_SECRET 6985b2816635b75ac3ad4e132653995522e17513891ff7b4ff65f75291d7d61c de3f784f8832c2356850a73517b7bbad1677444745e06cdb35c3922b48082a34
CLIENT_HANDSHAKE_TRAFFIC_SECRET 6985b2816635b75ac3ad4e132653995522e17513891ff7b4ff65f75291d7d61c 715778a1ea5943e895c70df0372038cce07d9ea95f55963d74b3815fe9ca3ac1
SERVER_HANDSHAKE_TRAFFIC_SECRET 6985b2816635b75ac3ad4e132653995522e17513891ff7b4ff65f75291d7d61c bebe2848b18c7d295e7d3b315a1cd6b043501b4e5f8854fa84d88be2ce8f58dd
CLIENT_TRAFFIC_SECRET_0 6985b2816635b75ac3ad4e132653995522e17513891ff7b4ff65f75291d7d61c 6bd388ed4e8b7bd4f116d8bb239fad33b53dad8d6e70a2437c91b51c2dc8a19c
SERVER_TRAFFIC_SECRET_0 6985b2816635b75ac3ad4e132653995522e17513891ff7b4ff65f75291d7d61c 001791a226eb6ebc9e49e5ae134184c19807df51fab7e3ee4d664f8a7a53acc5
EXPORTER_SECRET 6985b2816635b75ac3ad4e132653995522e17513891ff7b4ff65f75291d7d61c 453f5587e3c5a8183179c0beb353aabcdb97ac39eba59ee45ef151392758a4c1
CLIENT_HANDSHAKE_TRAFFIC_SECRET 9d170432078e4b2dcdbdfe2546a0ce41674f76b6ad2302341f64be56c307f445 8c6e8e94c1adcb61ff194383930aec7f4b9160e4fcb67b6b14ef226ef63597eb877a69e9a391b39402cdfdd917d42a37
SERVER_HANDSHAKE_TRAFFIC_SECRET 9d170432078e4b2dcdbdfe2546a0ce41674f76b6ad2302341f64be56c307f445 41ac644968c95d0e90b309ff322bf1b8b9b3cc6a54f5ef91f206c13f0f80d1b3b3df51b35ac406280711c46544ab48cf
CLIENT_HANDSHAKE_TRAFFIC_SECRET a56e64ee14030ac86371607d21d77e6b7404ebd85abc708203aab4e197ca48df f592ce514e7de3586e832d9e7d9c1f08fb32ffad1b7ea0ada16859346f9940f46d9fca8e9a9614f12371eebd84a2e6b3
SERVER_HANDSHAKE_TRAFFIC_SECRET a56e64ee14030ac86371607d21d77e6b7404ebd85abc708203aab4e197ca48df ca4baa43850dfa546b83ae7467981b1ea3bb65e80261dda0d7697ba81c0441d36b88123cf14f8ef63bca7648a1ad4a76
CLIENT_HANDSHAKE_TRAFFIC_SECRET 05f2325b65747dee96efef63023f0c1ff475fb57623c191e4bfdaf21603e2818 7ce95ac61d7aec3a6a38fe67940b6fa9275685fd88e131f96e8bf58110cb2ad771e6b06889fb7670ca9db7d4e580b136
SERVER_HANDSHAKE_TRAFFIC_SECRET 05f2325b65747dee96efef63023f0c1ff475fb57623c191e4bfdaf21603e2818 da670377d8d062987adfec23a2a2857fff005ad15d8a79382df998aad6df8a11b0de115a63f165c332f417414a1d5b2f
CLIENT_HANDSHAKE_TRAFFIC_SECRET 6c3576aff5b265988bc1d50262ead493adc1af4d8270290f6cf113cdb342bf7e a1aed5c403d29b4f4260881d10f4676d05dec419b0fa975fd649f80c5fbd8bcd12901208ca9481fb185063c13122eb1a
SERVER_HANDSHAKE_TRAFFIC_SECRET 6c3576aff5b265988bc1d50262ead493adc1af4d8270290f6cf113cdb342bf7e 9770aa2954848453705a9e5b15ea74cb33be79f3622a3b5f7c4a503781ec187b29209599b3dd54df6419c209dd04e52b
CLIENT_HANDSHAKE_TRAFFIC_SECRET e365a1f84cc6d95be30b289ae2dca55c01b297085f5c41a8ef699fa3314629d6 9987edad267ac167789c2477e905021ab96e32b23d0b4338baf6578fdbea09fe0c66990c0af8532688a79ea915ec6f2f
SERVER_HANDSHAKE_TRAFFIC_SECRET e365a1f84cc6d95be30b289ae2dca55c01b297085f5c41a8ef699fa3314629d6 3ad8a95a46cfb09db4b7be0758ca975c6f1d0f09f5fb0b919412f7dc5842e47bae6404797faa9e9e25f803ce50c658ae
CLIENT_HANDSHAKE_TRAFFIC_SECRET 663b81811e8aa81c4ba9043845012491cc453b2addd8c1cb45d4e368ead55050 d1f521afb3749e341f495855361c3485e4eae10a82e6f010a9e8216f592ce45908cc063c6ada4561f45b823e91853fc8
SERVER_HANDSHAKE_TRAFFIC_SECRET 663b81811e8aa81c4ba9043845012491cc453b2addd8c1cb45d4e368ead55050 c25d8ab7125d2485a3574312309e2068b4bea5be735c624d6f5c8aa99edcabccf3adda835ab9002f20d8354de0c2efa2
CLIENT_HANDSHAKE_TRAFFIC_SECRET 1b4e23d7c2fba7d63d8965c382f2aa5911297a2bd87518077d8636daceefde64 21ca3ad7e66b64d3ef494c7e036708917cefb5cc4b7cdea6c02f5a0b3b3f77c8df730ffb8e68cd26c4cc6f88bc591c00
SERVER_HANDSHAKE_TRAFFIC_SECRET 1b4e23d7c2fba7d63d8965c382f2aa5911297a2bd87518077d8636daceefde64 ce248c18b8b1e28ccd3f6b07b8c9379c4e821d4264ddf347d6128804520d4f5c3e887f98a9aff460a0fd898fdded0cf6
CLIENT_HANDSHAKE_TRAFFIC_SECRET 5ff211284b32bf95285af7ee07d9c49166f32c749b9fcb67404aa63fd827f70b d4a564970b345e8c378922d76047b6dab55b6068a0a2c2e11d8ac3422f52b206e2d0ba7b48776a8fd2dcbbf127bb85bd
SERVER_HANDSHAKE_TRAFFIC_SECRET 5ff211284b32bf95285af7ee07d9c49166f32c749b9fcb67404aa63fd827f70b b71694be8d020ab291c326f2665ce9b2127d0b7c2e561c809f8594887e607cb1ca83de7914e7dfbcb289f5d4e10fb162
CLIENT_HANDSHAKE_TRAFFIC_SECRET 60913d6f1b59bbffcbb60eb8c57d6c2711a2d24e8a879e91bbc6b543ea84cdf2 138bbedb87fd68d29033768f995327995e724667a75d461dd621d028015672e1f2c08ffdaf0a40bb2ad29f3db0795df8
SERVER_HANDSHAKE_TRAFFIC_SECRET 60913d6f1b59bbffcbb60eb8c57d6c2711a2d24e8a879e91bbc6b543ea84cdf2 541c26018c59a46806abbc73e0be6f0441bc24fdb1bb173b272bd83f53ac35aebb9f14f8228c90380e5eeb007509e992
CLIENT_HANDSHAKE_TRAFFIC_SECRET 8616b62f3b9caf76b672dae418d0f1683f64887a4fd0580f430b4258236ef11e 62c3724c66999186a9bedfe1debcac5c4c2a375aedff397b832d7411bfa851751bf1b403c808ca00a76dfccf3d17705f
SERVER_HANDSHAKE_TRAFFIC_SECRET 8616b62f3b9caf76b672dae418d0f1683f64887a4fd0580f430b4258236ef11e 001a2b6e6d60ce8561f9bf0670b6f392dc1aab5b4b8ac89fdcb225abb287c95d82626551f50066350206d03f297ba433
CLIENT_HANDSHAKE_TRAFFIC_SECRET 7c7306183c13c8ed1ed433db102deeb96df0a6e1a37752f89244c6d41210bffa c44017e9a53ed437e00457d7d931f0c465274f19eb9ec66c79ca60a6a88606d58216bf2fa1a67cdd181c1e223f456d67
SERVER_HANDSHAKE_TRAFFIC_SECRET 7c7306183c13c8ed1ed433db102deeb96df0a6e1a37752f89244c6d41210bffa aaee3857ecb1282a80c49c27a4e629b1acb09144b16eca0fd3690f1916b8ca4698f1c66859d360c3e36c23e4b71691ec
CLIENT_HANDSHAKE_TRAFFIC_SECRET 1e703609479962a55386a0c3d76f2ac662a33ab01d6d267881fff81bcd4e7216 85999ee3d1a0d5f778ff91c4a2ee781395006dd95eb2947eb4beab07998d6b1b471e2e66842576f69e4e3e45bdc114a3
SERVER_HANDSHAKE_TRAFFIC_SECRET 1e703609479962a55386a0c3d76f2ac662a33ab01d6d267881fff81bcd4e7216 b456891e3b83c9a8bdf6208e6cbf03f826d5432542b2dee5def5373b2c537cc2756edf11fd51a4b5fb3ffe018f5bfeb9
CLIENT_HANDSHAKE_TRAFFIC_SECRET 09640cdb48fdb80c21ffe3eced61ed9b24d144c3125525e79e395f7a4c2f557a aacbc37b472b30849d0b6e0e570ceb3acf31d3b3367f4d8fff388e9c5df3644c8006ec588c5121e80703438340015fec
SERVER_HANDSHAKE_TRAFFIC_SECRET 09640cdb48fdb80c21ffe3eced61ed9b24d144c3125525e79e395f7a4c2f557a 424d005fa41f0686b92f7cd7687070ac5d88190e2723ad5c1b334b5454a8d255e2c69ab84e453b9e9236182fa2c8baa5
CLIENT_HANDSHAKE_TRAFFIC_SECRET 7d43240de11508f4c4153eb330812cd2f39b1f90abb070f58423a946c5e1a480 2dc7db555035bf2a4609ce9044e6b442bde0c011639d6c64037143d05094276eccd3847cbf146024033e7986c09f639d
SERVER_HANDSHAKE_TRAFFIC_SECRET 7d43240de11508f4c4153eb330812cd2f39b1f90abb070f58423a946c5e1a480 fa1ef8e00df233233f000752249cf615e1298e288a72eda41074180468d526ba4a51f47612cd5255711f3477463d79b8
CLIENT_HANDSHAKE_TRAFFIC_SECRET 903ce5d5f12471751e1f5ff8912e864c6cd78acedb4e25d03b78720c2c3b0269 194aa431d450d2d24157e0d3f83896b723816c165308b18a6f4808836b887aa50c2482d34205f8467cb218529b44eaf1
SERVER_HANDSHAKE_TRAFFIC_SECRET 903ce5d5f12471751e1f5ff8912e864c6cd78acedb4e25d03b78720c2c3b0269 130235903c543ceebd772b14028ec9827704e58979771cd71e70381d0fa4824abd8c9588820d013f3b27c6d3937ac4a6
CLIENT_HANDSHAKE_TRAFFIC_SECRET a7092621a2d4488485932f850f9f5ab414a481651dbb80fb1d41824217b2757a 4cc11ece0109b3fcbd79dc0ba4515a8791487323964d8f8ea9b113e374b61d4be33fb7473ca1fe858bec667543ee6d81
SERVER_HANDSHAKE_TRAFFIC_SECRET a7092621a2d4488485932f850f9f5ab414a481651dbb80fb1d41824217b2757a 3f4c637054172815462d5c1b84a8844e61575972b967c81ff04e5044b3c29e05fc772241cda893a2aadf2730dc737858
CLIENT_HANDSHAKE_TRAFFIC_SECRET bbee22638ff47e0a77b2f097a93f8343924e2804e0ffa2f806bda92ff6435df9 81890c381b068a62f9ea9810f6fcf53529260f62ae05250efdeee2c58d6ba617b33ef72a9b55c1ea08fbbfdc58ef7559
SERVER_HANDSHAKE_TRAFFIC_SECRET bbee22638ff47e0a77b2f097a93f8343924e2804e0ffa2f806bda92ff6435df9 ea29b7e48b2d3fba3cfbff1bfcbdc9e09a582540e3473dd6285058b483e892822aada94685166bfdf730de291f65f693
CLIENT_HANDSHAKE_TRAFFIC_SECRET 81dd1bb08f7b105b16fa50e35b6a802848632d0ccc1910746f7172d1cd0f44eb f776f7cf587bf192392ffa05ac0d363c4ec3a4a8e5633f084f2de51b401fb460b4ba86b7fe5cff3dde85e137e5df9bde
SERVER_HANDSHAKE_TRAFFIC_SECRET 81dd1bb08f7b105b16fa50e35b6a802848632d0ccc1910746f7172d1cd0f44eb 08eb058470abba646845ed45950907f7afc498e4104d638879874948398ad57e57ec310bfcd0512fbfadd51c68198e86
CLIENT_HANDSHAKE_TRAFFIC_SECRET 3d446a8254c13a32a61b10c342c722cbe4aaa49c6d04f47cd816b037dc487028 2e844492d8112dc9c8979811a92bdec331109348e75879faf53019eb0c676163a039fd9fad399d66455a5e8b435f8a1b
SERVER_HANDSHAKE_TRAFFIC_SECRET 3d446a8254c13a32a61b10c342c722cbe4aaa49c6d04f47cd816b037dc487028 780e55792d4d516b88c182c05ff78482a509ca112990043faf9c1e6b9be9c8fdf0bea1d893572d44886c15bea61768a3
CLIENT_HANDSHAKE_TRAFFIC_SECRET 660ec4695e8cc58039c3f85368679022a1580f05b9503295cf40eb68819b944e ff6b9b0a90fd270670c97e4bfac7b0675297004ac39f86f2ecbab27d93f05c077e064365e80a1a8814dedb690e1dad0d
SERVER_HANDSHAKE_TRAFFIC_SECRET 660ec4695e8cc58039c3f85368679022a1580f05b9503295cf40eb68819b944e 6219bebde3568da00d2999b17564182be12958a51c63e277bc221c29bf9b362bd36398386e8d5bc19510d5eb9069956d
CLIENT_HANDSHAKE_TRAFFIC_SECRET af9a9fb79dc8973ecae1941ac1cc7593eb75fae43a9b9e53b9b922cdc4ac9044 f2aa02f7094237165de25d725051a9a60276db4e956dfa5adcd4059d9d237af104835b5d5e3a956c03075b272bd2291f
SERVER_HANDSHAKE_TRAFFIC_SECRET af9a9fb79dc8973ecae1941ac1cc7593eb75fae43a9b9e53b9b922cdc4ac9044 196978ef4067137654f16641589778b233ea94873958473adb7e9ba2c77c3b64ac5cd86000696e0a5ba544f420a509ff
CLIENT_HANDSHAKE_TRAFFIC_SECRET 89043088aff1c12766006514bbdb9b52de9e47960dfca53bb07e23653722fe31 57deb34d64596a9a86fe259a5d29e074b3bb72c159d924c9cf682838efdb45e6022d3bf2fe8f97a124552633e9604daf
SERVER_HANDSHAKE_TRAFFIC_SECRET 89043088aff1c12766006514bbdb9b52de9e47960dfca53bb07e23653722fe31 a643648dd3c07ca3ca8d4a59ad636e2d1622f0a97da72b0010d8ba4f4c747d33781621ec47b75623656d10887c17ab52
CLIENT_HANDSHAKE_TRAFFIC_SECRET bb9c7b83e35b913737b7419e47ea338357c7164e9d0915466230e33ebece33f9 00ef30ece012414f5a96e955cf01b0d7bbd5cbe2b472e5476c37de4ad1a66cd01c55e273cbd934abf61424307766dbfb
SERVER_HANDSHAKE_TRAFFIC_SECRET bb9c7b83e35b913737b7419e47ea338357c7164e9d0915466230e33ebece33f9 405c388adfea8397bcd39686e8dd606add46c175fa3c6e8fbb5ac8ec15356406e64408d82fb520cde25c15ddee7ade6d
CLIENT_HANDSHAKE_TRAFFIC_SECRET a636f66c871d2cc101e5dfa4066d4e5b25979b85cfac35082745f5c89a505f67 6e08d203ffc335832e64c3371f97d3e7f19cbd25bbd6f59f559a04fbaf2257b2b0155df58dbcdb8f7bae39e9daeae1d0
SERVER_HANDSHAKE_TRAFFIC_SECRET a636f66c871d2cc101e5dfa4066d4e5b25979b85cfac35082745f5c89a505f67 69d0744cd48e1d5437583e3bc0dc9978b294fef9083aed8c8bc2d2bc1cc5a0507f2ff20c717870a13502c9bae03c5902
CLIENT_HANDSHAKE_TRAFFIC_SECRET 56401ef7272ed0928a6bf73da7b663d86cbb4361619a74fdbc1aff6f34b51b8c b5188908ecdea120af9680646c91ac89d27275a0117e5b4ccdeb333605359fdf07cd68d1e94d8254bf4ea3ad4602c2d7
SERVER_HANDSHAKE_TRAFFIC_SECRET 56401ef7272ed0928a6bf73da7b663d86cbb4361619a74fdbc1aff6f34b51b8c bfc21a7d3042d368f09b208af6fb0480dac7359a8553833266b7324a95531e10158efea23ca04b10bd483c05707b2860
CLIENT_HANDSHAKE_TRAFFIC_SECRET 0a4cf8a4251db151eb17fc01ebf5e5e84022ec65c7a20eaeb71f459595e891ef bea12c53a624f07a45486242aadd097b78d2c966baa639d564f65a57367db8bc31e6808759c5e6e04c010d682f3bb31c
SERVER_HANDSHAKE_TRAFFIC_SECRET 0a4cf8a4251db151eb17fc01ebf5e5e84022ec65c7a20eaeb71f459595e891ef 717b23fcf26e581ce597ae8e5f37044859f9a84b99908cbc1fbdd1fdee402fa1e3bb3fe0b5b03e94bc7ab8ee846276e6
CLIENT_HANDSHAKE_TRAFFIC_SECRET 93826b536ffe0200fa4170c50c907e68cbae15226d74ffbba03bd9823c35d8d1 daabeefcc435044fb4bdec9bdb89aac5749230f30aba436dbe84642d38ca98906771bd3a24e9a37248fbc3685728889e
SERVER_HANDSHAKE_TRAFFIC_SECRET 93826b536ffe0200fa4170c50c907e68cbae15226d74ffbba03bd9823c35d8d1 c233fddfc0b3850890ee1efb9dd9867461d8ecb8548e034075226f5d905a0ac82a25f22309be1648c369c784eb83dba1
CLIENT_HANDSHAKE_TRAFFIC_SECRET 50a3b04e10ddb0867f94fcad6ecf0e2809071a6fd315a6fa91fdfa90c671c2c1 2841747a0d949a896df139d437d7878516228c72fb9fa90a015928f196a24b0e69d5434ea825118b17ff190112328e82
SERVER_HANDSHAKE_TRAFFIC_SECRET 50a3b04e10ddb0867f94fcad6ecf0e2809071a6fd315a6fa91fdfa90c671c2c1 9bac33f5ec9b8f2663a088d8d5f217e83009a2599a4ec9793cc4d36d39daab4e99e259b371e9ef50438b5303ac30e4df
CLIENT_HANDSHAKE_TRAFFIC_SECRET 405c69383e3baf57eddca737bc53416edbbd1a57f2eb32efeb584a60be6fc380 fd53ddeb82986ad82887ecfb0bc5a6eb21f9b0a4fbf7ad1edf639f5d5db5524a55cc0753310b1c254c7fc658e72613f7
SERVER_HANDSHAKE_TRAFFIC_SECRET 405c69383e3baf57eddca737bc53416edbbd1a57f2eb32efeb584a60be6fc380 a01ef89be794e5fd327aa66c0c037e7a4cf0dfeb9b94e229b7f2d8b395c52251e7be75dcfb7f8cce3f87e437427765e4
CLIENT_HANDSHAKE_TRAFFIC_SECRET b89dc9f22156263e8eba1899c7b088cdbb81b01709b9b1acc5dcab61d0039241 1480eeeded1d176a1d0bd210887f248ac98240631ed760674a6ded46a74e043b6bd13ced103b4661ebdf6bfd0934098b
SERVER_HANDSHAKE_TRAFFIC_SECRET b89dc9f22156263e8eba1899c7b088cdbb81b01709b9b1acc5dcab61d0039241 32ed35d4941016cc1bb924fabade13ece64e76acd84fb4cc3224e5052fe357da0bce5f8c481f90f5b7e0612d3561cda0
CLIENT_HANDSHAKE_TRAFFIC_SECRET 122354fc6baeeedb5ded0f5b99df9e10e551a75f0f9e0fa14bd3dcf8f34cc187 e639f2b54da3b7329cede2c275aad7cc71e66a0b6ac21ebf0b70545a2f0f5dacdfb04f7819db91e3a2d953ccdebed04c
SERVER_HANDSHAKE_TRAFFIC_SECRET 122354fc6baeeedb5ded0f5b99df9e10e551a75f0f9e0fa14bd3dcf8f34cc187 03009c88a5b41ed39215e7acb9a7fa12f36704e234802840fdaa61bbf61a095b04d58888df5e115db9945d25f82e41f2
CLIENT_HANDSHAKE_TRAFFIC_SECRET a3190cb3454873b39f78501bf53402e88f3d2022d52afcb03343190e17f84f7b b0c9cbcd320e02bd6285820cdc1c5588301d1d6cf9e99e598f8c8a75c37ff3d8ce4b13d9109105389fc99ff90f9cf6d2
SERVER_HANDSHAKE_TRAFFIC_SECRET a3190cb3454873b39f78501bf53402e88f3d2022d52afcb03343190e17f84f7b 467073349a371de56f386e660fa3e3c77688948f6b1823ce655aa231d0f0274c77650f49edc18a320dac4bcbded32689
CLIENT_HANDSHAKE_TRAFFIC_SECRET 7be6ae7903f515d6fd09fe1fa32030c387c40d56755acad722304dec6556c1a3 46cb82f252e1d826177787b750fd5d2d20fad55e45023fb9edf574e86cf561e3d931d6d0990eefd8363aa403ff53340f
SERVER_HANDSHAKE_TRAFFIC_SECRET 7be6ae7903f515d6fd09fe1fa32030c387c40d56755acad722304dec6556c1a3 821255cf6628322da9b0884180895cd9d7679f9d4f903df834c86648cc999432cb43d9c3ee5f13faedd4823e20eb3449
CLIENT_HANDSHAKE_TRAFFIC_SECRET 8796634ed9246d0aae15b2cfeabac8364923df7e4492b63a98c3866a0be4445a afa36ec731a4533ec64592d1addb73606de29a4ac2d70b8b275f37a9c5519e259602cdce9f81ebdfcefef8a32ee5cce4
SERVER_HANDSHAKE_TRAFFIC_SECRET 8796634ed9246d0aae15b2cfeabac8364923df7e4492b63a98c3866a0be4445a 3598fc0a752806b1fb37eaa85bac372d5b577a1e3f46aa0558f72be72d84454548a15bea13747ce3f3c4d772eb9af7b7
CLIENT_HANDSHAKE_TRAFFIC_SECRET 9f026ceee61250377c20dc22d2219217205efb64a54e86eda7a3dfd81224cc38 0ea48903f93d454d0fd288bf8e58e35da6facc3b28a8167a98f5bf950701388ae4d43ec42f0d058af330222ba759a8df
SERVER_HANDSHAKE_TRAFFIC_SECRET 9f026ceee61250377c20dc22d2219217205efb64a54e86eda7a3dfd81224cc38 6b78be5bc70a2fb1c897e960ebba33c5b8a76d92dc4f3a32b15f0822d8ee6455567594976ac45f5fb562f6a9c81f4734
CLIENT_HANDSHAKE_TRAFFIC_SECRET aebe654d5841500323264941bd0740f5f873731820aadc930b0ae0a90384f77e 4f66f143731932da76eb88fd92d4dd58f59e6d6941ecd6c66b54b7ec3babfcf88558e9c6b1bedf02fbc2882876050caa
SERVER_HANDSHAKE_TRAFFIC_SECRET aebe654d5841500323264941bd0740f5f873731820aadc930b0ae0a90384f77e 365dd8013366e1319243d2094ea2374500176ccf0f037cc0ffe94a7c65dd93af7cfe9df3b194502ebcdaae427bbbe58f
CLIENT_HANDSHAKE_TRAFFIC_SECRET 2b8f0f8e965aebfa3e1beba4e278fe3a53748ad74253b4ea0a36e5025b6745a0 c70be82155d2faf7bbd8b8974bdfecda384313e03672a447b9ae34c75aa2c67c4e8c7bccd9f583dc35d346e64950deb2
SERVER_HANDSHAKE_TRAFFIC_SECRET 2b8f0f8e965aebfa3e1beba4e278fe3a53748ad74253b4ea0a36e5025b6745a0 7359ec07a6756110e1beb434e49f833de04eaf29ddabba11d6a984974b130807b7294e933ceaf47a15339bc52a57a532
CLIENT_HANDSHAKE_TRAFFIC_SECRET 5524f31f1af07d9137314a2809118db3eb86251b42f4d05d4728daa04529d25d 25f84c1bfb86275f195a0fb578636cefba71f8ea4b6fbd386da41e6439381b685a75303ad06f83987cb00d04cc86f490
SERVER_HANDSHAKE_TRAFFIC_SECRET 5524f31f1af07d9137314a2809118db3eb86251b42f4d05d4728daa04529d25d dd6a4bdbf66a72ea43a1628fc06eeb68f7fca416b4ff20a7629d5bd47362706af15569c75f8526bf165ea2bc8d7dc857
CLIENT_HANDSHAKE_TRAFFIC_SECRET d8a7fdbb9617ca548743260b1217385a093b5897133d797255e37f14aa29bb66 d99ea439fde1a80ccdeb067cca101fd5a67626506dc6f3c5c5ff65a3d91ff54f722f61bca997a35f6903f079cec509fa
SERVER_HANDSHAKE_TRAFFIC_SECRET d8a7fdbb9617ca548743260b1217385a093b5897133d797255e37f14aa29bb66 99273e1095289500badb97009ecc64c187386f26cb88f61b37cc4806ceaea42a3b9ea96c8b45b7fb2c87878074546d0d
CLIENT_HANDSHAKE_TRAFFIC_SECRET af197a0cf9d9f40da18cb95f3ce5df7c33acae2f02a66d32a8566950bf6d794c 13228fe6011598767fbede34121be600e24a4f7ad6da3a27f2242d149f3aa229ac185033fc2614c57e6b4aba7dcf6de4
SERVER_HANDSHAKE_TRAFFIC_SECRET af197a0cf9d9f40da18cb95f3ce5df7c33acae2f02a66d32a8566950bf6d794c d27cc1bc1dbc337b15d06a78ecf2682b05e989afd48536dc65d5a57b974a028384f284e41b205f383acb8632012753f1
CLIENT_HANDSHAKE_TRAFFIC_SECRET da50360de38919b1800e6ac2f3a33fe93bb54179dfd929c45332bb996cc55597 fcac360ed4e65cef2141d9c3e8525e896bc8f27ec3842857672d3fda05b201d7336b0d584675d7572fe7ddf998a834ff
SERVER_HANDSHAKE_TRAFFIC_SECRET da50360de38919b1800e6ac2f3a33fe93bb54179dfd929c45332bb996cc55597 92f4bc7b552f98c66642436ae20c8f6cc69db66c154798de95c029687a4062ab4f5db38a9e3cb8683f9c6a2ccbba8900
CLIENT_HANDSHAKE_TRAFFIC_SECRET e00ec72fd0aa8c830e2ec0e994035771c14d725e9819aadb9209c78507a67da0 fab3d2bda043f93454e39cacf9393f746d804440da2af7a271e71aa106ce35d8487f9b26a2637d64d3d11ef7db2f6bc6
SERVER_HANDSHAKE_TRAFFIC_SECRET e00ec72fd0aa8c830e2ec0e994035771c14d725e9819aadb9209c78507a67da0 560442d5da5aa9f5cf1d90d702791c729bdf3c072c4e8e7a8a24f7fcb88751191273cf6ec8326132fdd9e83a17ae17fb
CLIENT_HANDSHAKE_TRAFFIC_SECRET 47f28d597d5f47a42d2187fca961d4b214aa879917afe8c685e94ce59dec1d29 9f037d022c4759d1e6cede8db6ef01a63a4c9e52b278ab89d72ec8f9c1f0701917a50443db8890d0a3d84167bcb0232d
SERVER_HANDSHAKE_TRAFFIC_SECRET 47f28d597d5f47a42d2187fca961d4b214aa879917afe8c685e94ce59dec1d29 3b3975eee85be1ef78e84e1dc9f95307923974c218e75695a3564577d8ac2e20fc9e75c441973088d4e98b2ad24ebd03
CLIENT_HANDSHAKE_TRAFFIC_SECRET 1eaac5a713c966f70785d73f379ade1192a95f0e30637808ec5258108095783a 6533dbb436345eaba4c6344108b2e99159ec22b20f1cb7cee7eece2c0748e0563fefdee3d080fa7a753d1b53fe2b45fb
SERVER_HANDSHAKE_TRAFFIC_SECRET 1eaac5a713c966f70785d73f379ade1192a95f0e30637808ec5258108095783a ca15756389ef0c9b82243ad740e92529e858f5068e2a8eec3911086d32bd0d4bdd3e77c443d53b1c10c68e23ffd4639f
CLIENT_HANDSHAKE_TRAFFIC_SECRET a3acc5011b112c39760382078bb1fb7ddb09e9570317d28ce5b763ccd9c0833e de9f20e2e8198b7528ffe719b7e1204bf4fa9bd9f35a7bd22801922bc439bd9d724828ce6d3d72493b0399902d235eff
SERVER_HANDSHAKE_TRAFFIC_SECRET a3acc5011b112c39760382078bb1fb7ddb09e9570317d28ce5b763ccd9c0833e d27c99c58e9bb1106b1f828b57d47e4d285a140d3d877b980c4bb1ae2469cd2a08ddf597cef79d477062ff694e1f67d5
CLIENT_HANDSHAKE_TRAFFIC_SECRET f7ea6d74ca4ea1b7247d470189854c032c78a4ceca1c0e4a11109adfdc4c0049 aecb36a85bb53b8a71639eee951abe028c639c62e9c0f8c99910ca961c65c25a4b80e2a077a01903b50ba51817aa5a37
SERVER_HANDSHAKE_TRAFFIC_SECRET f7ea6d74ca4ea1b7247d470189854c032c78a4ceca1c0e4a11109adfdc4c0049 3985fb5f8383f4f26ab1ea07f09c479c1ff52ce484ca880e629cb50dfad496dfce9a808a571361890b22d52a7d9aff61
CLIENT_HANDSHAKE_TRAFFIC_SECRET 78f821992d94d0d9956d36e1317c1bcf0af4bec0847c119c28bd0ebb32da0ac6 ccf2f7a0339a35c35c94089ae7a12d9de5872de254bf42e25091f8dc1e15991087540c12bcf32ee0afde5c7deec9f431
SERVER_HANDSHAKE_TRAFFIC_SECRET 78f821992d94d0d9956d36e1317c1bcf0af4bec0847c119c28bd0ebb32da0ac6 f65a613b8bfc7154fd96616d5f1772bf21d7111a1da48e91ba14eb1ec60b58e6f6a30f3f7e2d7940051514269f21f7a6
CLIENT_HANDSHAKE_TRAFFIC_SECRET d6176cca1bd4450ccd02c058643413a662418bdc7278e282f841ba88f188fc62 61dc095e25f7856535e01acb32cad17d86ff996c9088e99621072ba885b6ba12c3072d2e7d652826f212c2c5a9aa1b49
SERVER_HANDSHAKE_TRAFFIC_SECRET d6176cca1bd4450ccd02c058643413a662418bdc7278e282f841ba88f188fc62 9b6152dd6f778e565909692dc3bc8b7f0be7743890ed99de08e40f834fbf70dca68003c2087f0d4753cf6301ac10032b
CLIENT_HANDSHAKE_TRAFFIC_SECRET 4fb9d120b9d833ede79facc266ba52a55d8acb4bf1dcfd5579fa437c9052ad4e e811e665a9c9fc3317e0c4fca96c1d2c5e9b87e9a5d7382eb8a87e248d442a011b5d8bd64b7d5bc0117fed7ac1b76efa
SERVER_HANDSHAKE_TRAFFIC_SECRET 4fb9d120b9d833ede79facc266ba52a55d8acb4bf1dcfd5579fa437c9052ad4e 35ef8ceb94abebf700ac474d324dc3ce0ba2c8fa72ebc868614177245f99043f0d38e762ea97c76a106048f6b1f00bb4
CLIENT_HANDSHAKE_TRAFFIC_SECRET 899e5147f222dd7a6c9312bb24f96d008065ab4fe276a990aaa2648c733354fb b64e942ad05c51c045cc5204793f5fb3353bb5f2fef8812f7de98a60309852658a84846d0262ae95c98372af80c571a1
SERVER_HANDSHAKE_TRAFFIC_SECRET 899e5147f222dd7a6c9312bb24f96d008065ab4fe276a990aaa2648c733354fb 2555310f1e1afb67a723db0d1e38f762139337837d5b1cf849fdf8e59095b59c7aa205f1ab6baecb341ef8a8b48ae696
CLIENT_HANDSHAKE_TRAFFIC_SECRET e6710b0bd957db525eecf439000c56aa53898101d69b249cc21cbce477c3a45d 158daa534364bfaeb06c8f3573e1ca25bd0c2317174faa9b810d42dec1826c15ac889b5eb00a4bdbffb14723aa8eaa4b
SERVER_HANDSHAKE_TRAFFIC_SECRET e6710b0bd957db525eecf439000c56aa53898101d69b249cc21cbce477c3a45d d99cdf54f17c5b5827f1d3888dd3cc18d697f3bdbe09861c407bc6b32fdcc420b9439dd1933186ce9aff86367e5a848c
CLIENT_HANDSHAKE_TRAFFIC_SECRET 0462ce1cd6eb404dbca0ab6bcc82ed063a07188b0e0761b166e7f5ea37dd2634 323a901c244eb4b18188f35ccfd654cf7ad3a9d89a620bc7b54513ad0b025d5e2e50134ccc142337264f70a0d691f1d4
SERVER_HANDSHAKE_TRAFFIC_SECRET 0462ce1cd6eb404dbca0ab6bcc82ed063a07188b0e0761b166e7f5ea37dd2634 aba8e5001847975ef368ab671a8a56d979707d3d134e86a57447d15b61997320992080abe0efb917d6fc0fbc459e61a1
CLIENT_HANDSHAKE_TRAFFIC_SECRET 72a7ebb13fd55d9956cf91ab7b455cd4b16129550ac947e9f7c499ab1e50e5dd 1324a36206fe1af63d7936ed31990fb49bb6fd96b7010822bbb65b8920f44b16db4802f490f274b0197419a5359224b5
SERVER_HANDSHAKE_TRAFFIC_SECRET 72a7ebb13fd55d9956cf91ab7b455cd4b16129550ac947e9f7c499ab1e50e5dd 8b5ab8ac24a98219ce08ed7a7ae6d27d14e823940f6cc0f4be23f2f4e0ec3e1d4a7a98fe952abed81b58a998b24a417e
CLIENT_RANDOM 16568fa7b5658d0ae32d303dff2f271cd74747f203756fe30bb3bbf0c7c9c174 3f16eb4524c98466b1c64e71c36a6504b5e652a3a1d338d8c207a53962f27c99faec74428e83d94339eae437134c718d
CLIENT_RANDOM 3340af6d943d26531cc579b27ecd7019495c340df47d9bbab2358293e9240c22 29949db3f42b9a5c2dfdc3a758487eea0771161d353e782fc00ed392c6dd0b25a1d901ef3c58c2a808f12e1cadc552e8
CLIENT_HANDSHAKE_TRAFFIC_SECRET 26a53bdd59faf6b4563feea6bca19392661f2479302dac68213d8cfa774469e3 687794960d2fe56a0aa35450b4db981aa7a93602e69f0f1bc039c4f6ba0ba8890aebd9b5c4bfc7c2d9c89b55b4508e21
SERVER_HANDSHAKE_TRAFFIC_SECRET 26a53bdd59faf6b4563feea6bca19392661f2479302dac68213d8cfa774469e3 4111016321302d2b8c1a0361ac6e019fcbb336e706786121ec83538ad9d560fcfbf0845dcc6c4207a5145eae70dc498e
CLIENT_HANDSHAKE_TRAFFIC_SECRET 6954e8b2eaf08ce72fbb41211bdfaf3b8d69c51c4a4f1850f0be727efd476bc1 b7958d468897688bc71e31972650b7b2d9faa0c1333e6b9141abc77b5bcde5caad3428422ca93462e452b73a208d4a75
SERVER_HANDSHAKE_TRAFFIC_SECRET 6954e8b2eaf08ce72fbb41211bdfaf3b8d69c51c4a4f1850f0be727efd476bc1 32eeb77896f3f28649bc9b2b1e786b604908cd07bf30e225dcbcf522e389ad6bd68548e47997a2fd068ea64da4bea752
CLIENT_HANDSHAKE_TRAFFIC_SECRET 7a11e062975872b6a78a9177f66849b31da24e135a2bda667c950ee0da2a90f3 476850ab34b00c6d9fbc7f60a5653e4902e53e7ac4bee30e7d9381edb0c0727ab56c6b0d7f5cf64ae680d61c74483be0
SERVER_HANDSHAKE_TRAFFIC_SECRET 7a11e062975872b6a78a9177f66849b31da24e135a2bda667c950ee0da2a90f3 a48c8558619a6945e1354ea6d6101721284320687b756bafe5fa25f3f286b3c63a3b83f7430d2253ae4aae48b2b4853b
CLIENT_HANDSHAKE_TRAFFIC_SECRET 821df5fb88b548d0674ce653c6383d9b0e1c1f8505edf17402a39d4fe67488ff f8f7050e49a712fd1a77963ed83ad557ab8e59fc96a8f6e8e03fa9b8b2e7f4a9871870c4cc8de76f33c2985c5868b371
SERVER_HANDSHAKE_TRAFFIC_SECRET 821df5fb88b548d0674ce653c6383d9b0e1c1f8505edf17402a39d4fe67488ff effcb72112d0c1c9288073e31b0c756c5ba067fef27eb9041ffedeae6284c20c056f80cc580ccbb3128e9fe4d8ee1afe
CLIENT_HANDSHAKE_TRAFFIC_SECRET 2bc3a5e3f18bb3a8651d7fcf66f86a45a91784475725cc34cec04f8953f75f6f 70349ab8edc5fd21c38f2a88b8e50f3f0d396693910fbb2f649d2eb891bf8e250bbf22ccccb7a8e4858fe0d52a8faefc
SERVER_HANDSHAKE_TRAFFIC_SECRET 2bc3a5e3f18bb3a8651d7fcf66f86a45a91784475725cc34cec04f8953f75f6f 283dfde268e1541866110a130d772df2c023f1a68bb003b372becc14cf4677a68f75f92e722009e881fea0ee502345e6
CLIENT_HANDSHAKE_TRAFFIC_SECRET 1e2d00fa4217a6f1e6174b33955fa9bf5432c9fdb21599f6a1a38a27b293993e 1ae5445be8168fb8ef1ba27d398ddb314ee3e3fd91d81e0a365b59cca999fda497ec9932d6294fbe86c1c8ab658a9b2b
SERVER_HANDSHAKE_TRAFFIC_SECRET 1e2d00fa4217a6f1e6174b33955fa9bf5432c9fdb21599f6a1a38a27b293993e bfef702bdb4a0cae1360a77ae93a0dbdc6011c159faf238bc09f995360f2bf493610287030a1797d3b22eaaa5c2cd5d2
CLIENT_HANDSHAKE_TRAFFIC_SECRET 4c7e86ae67a9cca33896b843f7f295fff0ead5eeb85ac4c77b1d557076a032c9 512b3b8cded1ab44309e71397fb289895ab9ca17e68ef862dedf739d213193566e428bdb9d7b57f6a55186cb953aac2e
SERVER_HANDSHAKE_TRAFFIC_SECRET 4c7e86ae67a9cca33896b843f7f295fff0ead5eeb85ac4c77b1d557076a032c9 6bf1ba3419782c19015915ad975c226732f39adc43cdcce53bfebec94492d9c1176249ac8136a5a8a37f9d2708806661
CLIENT_HANDSHAKE_TRAFFIC_SECRET 200de95499bffc073325b4d2f1cc6d1ab82a119422bdf307c6537b3653265101 19ba9848f22b8534597520ba7a658409212add84483aa8c4909a84950c042883205f0f2cf8592161aefde79734ba8cc9
SERVER_HANDSHAKE_TRAFFIC_SECRET 200de95499bffc073325b4d2f1cc6d1ab82a119422bdf307c6537b3653265101 727d2fa40089cc5f961c7f5523c7af40e225a92c2f4ac18c44049f47b9cab23f65a9fa71be628ab36dc7772ae7c13c5c
CLIENT_HANDSHAKE_TRAFFIC_SECRET 283c5fb3aaa74a419a32a16990b8341e72b8fa9a3a5726c561e566569b5a8c70 30c4eb3473d7986d86cae6460ae4172131c886c4522907c1ae74249e8c36efa1f9adecbc78d5ab3b8f43910744bdbdb6
SERVER_HANDSHAKE_TRAFFIC_SECRET 283c5fb3aaa74a419a32a16990b8341e72b8fa9a3a5726c561e566569b5a8c70 4d10bad3ea7254882bd26a0aba76944d92722ca75e5657822503df088e0befc424517fdb4625face1908006ae6f8d655
CLIENT_HANDSHAKE_TRAFFIC_SECRET 98ecde6376838684e51d58a0204d0e2b48098d4db98f018e38668606ba08b03f 598fd2c651dfe41bb8c79ebbf0f26dc552344b8275ea5146faab43309c3293a43f3cabd3ba5f8d3056c5ab87551dfaac
SERVER_HANDSHAKE_TRAFFIC_SECRET 98ecde6376838684e51d58a0204d0e2b48098d4db98f018e38668606ba08b03f 042a095f899db6189f9707197d2f806edfd6dc96006ece3264023e8bf14973f6b3704c4765cf418b2e9f9b64f7a22372
CLIENT_HANDSHAKE_TRAFFIC_SECRET 0afddafc952b45e9e314ac5ea9984669272ed1b5e2fe4850575eb411f90c6bea b604511cb9eac5682eeb06da453e6319737a7dcb88f371312e41565c440f9a5c23e74cd6a47dd370e59cb27bb05908d1
SERVER_HANDSHAKE_TRAFFIC_SECRET 0afddafc952b45e9e314ac5ea9984669272ed1b5e2fe4850575eb411f90c6bea 6dad6145aadc1a73542550949b082f6e103468fde7c4eaa3ad3958c493b4fc888629c7f14f8a9f1f646699a673480efc
CLIENT_HANDSHAKE_TRAFFIC_SECRET fa4b8512e76a1d68ccb857b88aaf2b8c3054679ee710a4ab1b014a5fc494d297 473c1bb22f3441bbe128d31519fad190a2df184a52d10ea8d2d0af999648bfd49ca8c201156c68c919078359b35f4be0
SERVER_HANDSHAKE_TRAFFIC_SECRET fa4b8512e76a1d68ccb857b88aaf2b8c3054679ee710a4ab1b014a5fc494d297 9a11a5a992094a7bc13a369f1a742fe199f2ead3fce86c9c0832200bebc45b241a6219eedad5eb3d927a6b31238ad081
CLIENT_HANDSHAKE_TRAFFIC_SECRET 4be10f4451db1974eb30ce7cbfc4d1d041dec427a2169f61bb4ba43e844c2d0f dcd5a7cec221c646a726554550d24fc0e64fd1685ee6274ccaa1c10c7d28d12890b86eb34236450d82f7e6fe8324873a
SERVER_HANDSHAKE_TRAFFIC_SECRET 4be10f4451db1974eb30ce7cbfc4d1d041dec427a2169f61bb4ba43e844c2d0f 43795ca8a6997fcfd345bb2df36a539b894219f9456f3f451b9bfeb216ad75acc2b64472b09b7a51220e4a71d234ceef
CLIENT_HANDSHAKE_TRAFFIC_SECRET 4e263a9df6affe89b734f12fb327a7690217aa541e6555f3716dbdcc7ccecf58 b98ae4f1e5cddf7d89ad4e12242d661240b94df4f8e14b881d330d71c7f82357c1d92d67fc47de9d1001d69e9578af2b
SERVER_HANDSHAKE_TRAFFIC_SECRET 4e263a9df6affe89b734f12fb327a7690217aa541e6555f3716dbdcc7ccecf58 3fbe36a76b7d543c9a4213b7ba31b8018d3858b6ac1c45d063949bcb01f675de626591b8fb370ef640ab2c71a7b2e9f3
CLIENT_HANDSHAKE_TRAFFIC_SECRET cb04321ad605e710c984b04a1d4222343412dbf7f3d1f1eb90916b28f1ee5e94 ed32ef15ad651e703e8dd03c5277ec993cdf9cbf00a3ca7371fe21b7ed162366ba10e8c7055a56dc20a81d6a0bbe3b31
SERVER_HANDSHAKE_TRAFFIC_SECRET cb04321ad605e710c984b04a1d4222343412dbf7f3d1f1eb90916b28f1ee5e94 7578fb3fe68871530fa9b07f24d1716479f8dcfca32c2b25233e97d92c925b02f5f51c5864993a249955781141c647b8
CLIENT_HANDSHAKE_TRAFFIC_SECRET a4854c4a953b8bacf90b2fb14fa2e862ff9920b4c8d0c168dacda3724900d1ba 43e822a02d779403eea2d62c3c5539adc2bb8e3b6a9caf9dfae3107f0f7c0f5469b34a53b43982d4b901ddbef1811c5c
SERVER_HANDSHAKE_TRAFFIC_SECRET a4854c4a953b8bacf90b2fb14fa2e862ff9920b4c8d0c168dacda3724900d1ba 6159896c202851886e1a5c4a3677b14225eba6b0a90f6502a9f7dbfd53b3db06e1ea470d4b490915d3e45580f272fead
CLIENT_HANDSHAKE_TRAFFIC_SECRET f92cd0d2f7984c11aa12e8996610cc2c7deb41add25d716fe1a0339a4565d5d4 ad90f4effc83705c5f295ff5e5718b30871140036156dab7d3ab4b8a9685252560e028c2f9925ad0349cb8537cca50c3
SERVER_HANDSHAKE_TRAFFIC_SECRET f92cd0d2f7984c11aa12e8996610cc2c7deb41add25d716fe1a0339a4565d5d4 da053dfe7d82d4f0421146db3042e73f2dff3f8a8c873981b0f115bdf5b96378012ba20dc83c29c8ede953dc2359241d
CLIENT_HANDSHAKE_TRAFFIC_SECRET 2caa5aab5e3d573aa43ae92191721f7f5ed755de51ca987c92f3578892da25be 12e0504340af6d37e76983d271977a58939fab6e5f1442881a2ec416cd438a6fb8e145cf62dabacc4a125397d420fce9
SERVER_HANDSHAKE_TRAFFIC_SECRET 2caa5aab5e3d573aa43ae92191721f7f5ed755de51ca987c92f3578892da25be d660e7573cc7b735f26ca0d48dc2d9c9a666204e1a86dd65670a02a7a362241a0c402bb58b9cc71a74a43d6ca3e67077
CLIENT_HANDSHAKE_TRAFFIC_SECRET a68eb1b38494ff07fcc907183b8b79d1a90d4f34b27edcee3751141e887fdbbf 8f14c71eb5095ad83583376c2f2a8509a6d7f1f354a9eed50845322d364f25e1538b7e8b557ebdd30ad954ca5f4b09ba
SERVER_HANDSHAKE_TRAFFIC_SECRET a68eb1b38494ff07fcc907183b8b79d1a90d4f34b27edcee3751141e887fdbbf 0bb05dcc785c2e493d5db0d90c82321ea2b98901a885c2d385115c955028817d17be28c85276b8e0b46e68671459de80
CLIENT_HANDSHAKE_TRAFFIC_SECRET 4705cd0ffb3806a7e7d80647bdd9c24dbf09d612509aecdc47f94667398a4e98 f86393f86ec77ad30f7a8f4273807d3368e018e5ef4db954719594b861b3496aa522bfa9fcc134e7c86d76a2911a89e9
SERVER_HANDSHAKE_TRAFFIC_SECRET 4705cd0ffb3806a7e7d80647bdd9c24dbf09d612509aecdc47f94667398a4e98 d36920b97e2b2c43104a6f47b025cd7f721687448e3ebb7e01d69a2c24db7aa5bd0f7b55a8c8b2ab19d9173b7a09d759
CLIENT_HANDSHAKE_TRAFFIC_SECRET a7749207dedc498a28b87ec4a2c8071de9c8dea593c9334eedaf734e1266d9cd 6bd76fe8298d30b461a80dfd6940e52300014decbbeea863364df83ef6fdbbfd2d2c52341c9cadc3a2c5edf18d1f25d1
SERVER_HANDSHAKE_TRAFFIC_SECRET a7749207dedc498a28b87ec4a2c8071de9c8dea593c9334eedaf734e1266d9cd d16c5973d7dcd462e12455d258e06b61e368d224fedd5b710af1c60d022cd8a7d11af3607ba1b3303de6feabda96bb6d
CLIENT_HANDSHAKE_TRAFFIC_SECRET 32416570f19e282aad220dba2da0547b775b744a31adbb20f8810ee04d1282a2 7afc92f1c68517839a05bb36568c3f9b6b63c6f73a6a165a0c47b4325ed69c7ee0b22d370d86f28719d4c8910ad5c7f2
SERVER_HANDSHAKE_TRAFFIC_SECRET 32416570f19e282aad220dba2da0547b775b744a31adbb20f8810ee04d1282a2 2614d3b8563d914f866d893c701c83185106ab1ca39fbb20db5b60d88f036dade3b56a76e44b1366b8b9a49647096e35
CLIENT_HANDSHAKE_TRAFFIC_SECRET 9a3457679157628231a854c46c00e7a09e7baa738bbedfe324109297c94c2244 719a2e7d66728ad15fb0a3c21340846040f0441c79afca6ff1bdb023951be82b83ee8ead47e7c870e96425ee41c1d98b
SERVER_HANDSHAKE_TRAFFIC_SECRET 9a3457679157628231a854c46c00e7a09e7baa738bbedfe324109297c94c2244 c4ed2ce7c6b4a780157fddf8380d874d68369787f7e7ef2a92debb50055f79e7c1b404770299f16afe5b96df690693ef
CLIENT_HANDSHAKE_TRAFFIC_SECRET 22585cbaeccb25de79f785892c45f0f8defb06fa51a503950faf1245d53eeeb9 3f030a1e296e1439fc9f4a7c6dcf5b658c75ad1a53fa6f551f65ce9ade6edecee472b57e98b4053c5a0551dc99cf3b79
SERVER_HANDSHAKE_TRAFFIC_SECRET 22585cbaeccb25de79f785892c45f0f8defb06fa51a503950faf1245d53eeeb9 055e1f34d2739fcf6e3baa6415d8ff8bf0f0bf81235225ed9a89c4996d6b6faea31d8a109d71a9ec5f3679bb22a0967c
CLIENT_HANDSHAKE_TRAFFIC_SECRET 51398744f8fee1cdf0adbf37027132bfdd7fa8eddcbbf403925eaf5c35de4b65 c6a7f6001f9d9546238f710182e8ea090b27c90bbdaa9f5ce33ce9f76fddc14893a4e244c88eeed2cc6ffd6197cc3935
SERVER_HANDSHAKE_TRAFFIC_SECRET 51398744f8fee1cdf0adbf37027132bfdd7fa8eddcbbf403925eaf5c35de4b65 5d48b196c3a1c799b23450a10472ee7ee29b9167aa42efe72702c51f347a520f055be218b895873ed4489c2b5d929937
CLIENT_HANDSHAKE_TRAFFIC_SECRET d487528926c77d405c78df97f3d3b7023420e1b50c47fc020d3c0630af3a1fa3 bb979d4f7ed794e17ab549fafc2c08c4633b8bf2ff18d6e272ae61f28f22ff19e8a2848fb6249f3a2d0a6a9d8b80cd12
SERVER_HANDSHAKE_TRAFFIC_SECRET d487528926c77d405c78df97f3d3b7023420e1b50c47fc020d3c0630af3a1fa3 b2ee099dee2a3b7a656d4400e2fcf60fcfe01d7d806041ab82aa570c79a49c1fa148759103cc9200caa00cb15df6eb71
CLIENT_HANDSHAKE_TRAFFIC_SECRET 6ebd90c7c583e54e4361aa7a59c40c5216c43d99a43edaf33cb40141f146cef6 b92baa4d9126a09c1adcf2bb39aa4e1eb83807dd6f0c630310ff6d477b810e833f5341f9a8b71c6392ce31c68f611b9a
SERVER_HANDSHAKE_TRAFFIC_SECRET 6ebd90c7c583e54e4361aa7a59c40c5216c43d99a43edaf33cb40141f146cef6 82e74d91871fe4704abbbd89c099d4000598426c5404d8aac27432f6da1a37b40cd1c9a45f22affd49683a54108ab9c9
CLIENT_HANDSHAKE_TRAFFIC_SECRET c6cd2706357bacf83140041c3ddb41823d6c67fee576ac946a731886ad7e7915 88d348a8b4be28cce7d7fbef2e63724c64bf2110cd01c42a55a2095d9f41dc3eb345a26d7a7e6e180e7601a03951f672
SERVER_HANDSHAKE_TRAFFIC_SECRET c6cd2706357bacf83140041c3ddb41823d6c67fee576ac946a731886ad7e7915 ce594821f23b3d4d0bd2e25f7b3d4b010f2a4861bdf315f655da11a74edf99d21c5567784b3c08156020127aba952e8c
CLIENT_HANDSHAKE_TRAFFIC_SECRET b29ef51830cd628e4138dc3fe5dc3f67747daa43a930e0d2e27adc17378db279 bd5d245202e59c33096d143e825230ebe174ac8d6b8112bd1059ce97be9303096710378ba0b8fbb68e9c00eb76273b9c
SERVER_HANDSHAKE_TRAFFIC_SECRET b29ef51830cd628e4138dc3fe5dc3f67747daa43a930e0d2e27adc17378db279 7154c4b50c33d376f60edabedace157068865da6382c6a29b234df0900ea1fa14f72cbfea41b85ee31dbc8723d26a590
CLIENT_HANDSHAKE_TRAFFIC_SECRET 4e3f1e62b7ad3cfedf1a11c78968792c9ab9fc371ab73b5f731bafbd8240eadd 090f1a5f92d99cc26676d1169abdd8551a794a4e7bc1c1b7924318a2aa26d68ae7bdc8f079ec573fb4166452392635ca
SERVER_HANDSHAKE_TRAFFIC_SECRET 4e3f1e62b7ad3cfedf1a11c78968792c9ab9fc371ab73b5f731bafbd8240eadd a0b360ab1d11fe05bd9a1d43279d3a8b7c637002fa54ce24fb3f4ca7415e88ca17b3b5649e15206d1607b070af54708d
CLIENT_HANDSHAKE_TRAFFIC_SECRET 44bfe090442198ca4f574dff0840ca26eeb92d15bedd0ea860e13c3a4fb98a49 50b9dc8bdc14b968a086d0e16f1b55d82119754e8c0e0a5082d6abd3c13f31189b3c506904789170124e26b9b981a43f
SERVER_HANDSHAKE_TRAFFIC_SECRET 44bfe090442198ca4f574dff0840ca26eeb92d15bedd0ea860e13c3a4fb98a49 7ae4d20ca51a869d13222f9586ea84439425cc0bd4882a33d08074728899445198baa4bcf7bec3e8028abd174bfcc56e
CLIENT_HANDSHAKE_TRAFFIC_SECRET 331c7eaded4c5cbafed0e7e31ff2664b08411d5ff2323d606b714960ce05ce62 482b809878fc840aac098ca489071e4882b491dbe3ce8b26f6971f39c55ee09daef1478680669141389b73a9d0b49294
SERVER_HANDSHAKE_TRAFFIC_SECRET 331c7eaded4c5cbafed0e7e31ff2664b08411d5ff2323d606b714960ce05ce62 97a32b1284a126eedc9ad30765462b20b23ce927731c5ed1d3614737c914c6864cdb228e24e1c6dd2d082d1acba7fc7c
CLIENT_HANDSHAKE_TRAFFIC_SECRET dcd2ed0d7b289db10c22d34bb61e5deff20b68e2f8074045d8cc41ce36462837 dffb385933ae41e565f82b10ddae5a95d192136d9fcf27072479656795cf21567c1d7eaa7ae4c9acf6333e7e13711ff9
SERVER_HANDSHAKE_TRAFFIC_SECRET dcd2ed0d7b289db10c22d34bb61e5deff20b68e2f8074045d8cc41ce36462837 50cf2459b7b3511c9667c6d1e0e3ae93a36ce340a09f9d786c3855e0ee815d7afda786505716b43d1bb8470cbeb8d88c
CLIENT_HANDSHAKE_TRAFFIC_SECRET 03567612a210d467ecb035432ba0814e2ffc79ec45bb97be94adbd09d6dac295 059c165ff70f0e8175f6aa8626a841e8565158bd96c6915d0f32e1a9716f1e97fecab4b755bce72504f15f1d8ad8bf5d
SERVER_HANDSHAKE_TRAFFIC_SECRET 03567612a210d467ecb035432ba0814e2ffc79ec45bb97be94adbd09d6dac295 339db1fd6a4378e56a0ea137f04c6f0cc8a6a04ee2a0c1ed02152e78b791502a0540332dc492f1ae2bb299e911dff7e1
CLIENT_HANDSHAKE_TRAFFIC_SECRET e33bf1b6343da019bbf882f08c2907352f46b91413806b3ef24bdde4e3aab698 12b67c09eb3e5972f1fe5b4b60b9dc7559d43327ee8d63c5b44f9c43a4b7ebf7080b8861de83affbf95f89ebe167fe0d
SERVER_HANDSHAKE_TRAFFIC_SECRET e33bf1b6343da019bbf882f08c2907352f46b91413806b3ef24bdde4e3aab698 41d9559310eb05804da34aa6a9fc4d33c19cb7c7f386e19e9d0ac52cfb4f6eda0a63c52bdab9dd7d375aba4f24aeab06
CLIENT_HANDSHAKE_TRAFFIC_SECRET 70e2b9923714a34df4bfe689461553a19b8eae14a7531e4a62ab76d054d64d35 80ed8ef260ab247a8f39d75e9b9f5b814b47743d7fc38ed166a0390712ed321f807add62d203a9a6d07ff84fe06e4302
SERVER_HANDSHAKE_TRAFFIC_SECRET 70e2b9923714a34df4bfe689461553a19b8eae14a7531e4a62ab76d054d64d35 5bbba3786941cb50b0af4f0af7e02c4f085524027d34c3927f7121bd3b1a81d51fa70d820161f76076c650b82beb353a
CLIENT_HANDSHAKE_TRAFFIC_SECRET 4aff8d7e8b084d356becc3166828692e69f7eb2ac38134ca4d9f1e62efcf2f28 b7e8bba4cdf7da25092855d4802f4e850e01ea2c1af664b39d2d75b0938e87371d374880afed682134c1c1b1d66e18ec
SERVER_HANDSHAKE_TRAFFIC_SECRET 4aff8d7e8b084d356becc3166828692e69f7eb2ac38134ca4d9f1e62efcf2f28 95dbe9829d17ac3357f55cbfef2902dc6b64f76d1d2d7710d530f6ddea2f62293436e875916f0cbac9ecc986969e3c43
CLIENT_HANDSHAKE_TRAFFIC_SECRET 60d8635bc196b86b2405b08fe4fb64ec5f2e3b4e1ce16b59bba235af3eb1b2e1 bc1c4d3f70db314df184170ea58fefb9597c17e79ab468f8afc5a629f851a5fe78523e57e01182726765b5ceca4b4d2e
SERVER_HANDSHAKE_TRAFFIC_SECRET 60d8635bc196b86b2405b08fe4fb64ec5f2e3b4e1ce16b59bba235af3eb1b2e1 9eb1c5f7c145d978449cf72ad7b29be114274dbd6d72f1827473688e61e7160cd2038ddcea2b74dd0f069428085d550e
CLIENT_HANDSHAKE_TRAFFIC_SECRET bd2ee3f1b90cdaaaf6c92e940cca7c7d3cdf2cec21ba9c0f8f38bd9a8db26603 e588a870c076d5dc269f2aa2d700cca10035aed415d213964530ba781ed786377a53000baab7308723ef3efa6a5b60b9
SERVER_HANDSHAKE_TRAFFIC_SECRET bd2ee3f1b90cdaaaf6c92e940cca7c7d3cdf2cec21ba9c0f8f38bd9a8db26603 afd36c57c822aaff6ea1689c27884cdc2f4a987282c52bfa6a0b458d90b7bb5afb635481672655dd24eae972119cc73d
CLIENT_HANDSHAKE_TRAFFIC_SECRET 6e9ff798acf903320bdbd68428f9137fa6505e0cd5fabc6ccf27646dc582bda2 3a9574fcf7daaf8e04f562f81cf4f2e8f9ba0371c180ab2a04c775ef3b03566787224c5193805d01d818722ad2b4f0de
SERVER_HANDSHAKE_TRAFFIC_SECRET 6e9ff798acf903320bdbd68428f9137fa6505e0cd5fabc6ccf27646dc582bda2 25a323458d0af9c1de935723955ce6dd34c3043b69ebb990335ef8ddea13483865001d4a9bac7309940c777b48abe702
CLIENT_HANDSHAKE_TRAFFIC_SECRET 8905d43a23f5b4c8607bc19e389f8f5d2721e8fdebf0029064562143ef0e7a0a 8a4593fc975c1f9bf7fcf7620fb9d938bd90058fc40368984f4edf0e6cd7dd1bcde4dd5b5d66bb445551ba8bfb15e589
SERVER_HANDSHAKE_TRAFFIC_SECRET 8905d43a23f5b4c8607bc19e389f8f5d2721e8fdebf0029064562143ef0e7a0a 1454b69b6a880496c4e5d9c1411386d9282f0b69f6a35defc28699a6c909846a8548df8a5a99357d780bb2dcb3039160
CLIENT_HANDSHAKE_TRAFFIC_SECRET ac63d0666ad5e2e280e435bc261098994d12fcef21c360c26a97dc362a1f1d4b b1804e2a23a47a3715924be0c820af6fae5168a023c2004058230f47c79d10af67037067b61cced14c120f75ae9ef222
SERVER_HANDSHAKE_TRAFFIC_SECRET ac63d0666ad5e2e280e435bc261098994d12fcef21c360c26a97dc362a1f1d4b ca2ec9e20e17213eb23c2600fd0a99e57589634f6e16f5476e814297aee410b893836568561f5524995067953c8ebbfe
CLIENT_HANDSHAKE_TRAFFIC_SECRET e9b04b564f00a1130bd935dd28b05552c969dc8c325f77108fccd4c2a4fd89b7 af56cd7f27ff141e0e91196a6aaa6be428ced4b994ebda2d841c7639b41d25b1a2d240c57e7ada733cf584b2b37cb7b2
SERVER_HANDSHAKE_TRAFFIC_SECRET e9b04b564f00a1130bd935dd28b05552c969dc8c325f77108fccd4c2a4fd89b7 a3a58cd8c3cda881a795f089189265967c3a51309d81a705307d350dc987d2e69cd30b3520287437a3f3c8c83afcc44b
CLIENT_HANDSHAKE_TRAFFIC_SECRET 1bd5a6cf74154599dc1780d256081ab58c9ed52d8e1c1540b192083d175efd6a 40324cb5e4c8eebc491cab1d1aaa7095337e1916195b0feb9370378f502ca6c5702cc22005dc7218d430ffe5bcea2fe6
SERVER_HANDSHAKE_TRAFFIC_SECRET 1bd5a6cf74154599dc1780d256081ab58c9ed52d8e1c1540b192083d175efd6a 09fcf0c3ca94b3c3413703812952b4a1f812a192a017c638a29e7c2ff6dfd2e758251266c07ce842a863f406d2092f99
CLIENT_RANDOM 91efbb031946538ece76ee3db2dd8cdbf03a0a4471c9cf76e7d416708567c9bc 2bf7f4bacb25bc8cf8dea88d8e959a2631f9b70c36106f027f68afb961d37d4817887fa4a3cae448b0d46d8cbf38ab36
CLIENT_RANDOM 41d5ac1a8460ca9bdd45e6ac1aa472be294471528c7b0b64311b7ec4802e4026 ecf94c48411b90ed5b419ec413d6432962a9c3d666a1f57e49fc20de22111c6f5868da1f98aef211ecdcee7c09e42d5c
CLIENT_RANDOM 90f81713901564be0b1678a7f6194f4bcea119632fa3f4db630b2e560f09e685 389e043be4c657b2c5f2db6b16883a45a9b6b412c584121ffdd5d323bc6d805337a5d2fe2555823aecd697390f28891a
CLIENT_RANDOM f4cf331309e1704d18a12a0d1f7f7a5a3bee266107003294bf5ff8d24cb42ffd fa10f4bbe334061d537ec952827c737c90393e30c4e3024d55f1e26af7a9acf0d2a662992f543202ce9228a223db78eb
CLIENT_RANDOM 9d30cb2941dbb648691a5a521fbc3a1ab4fb7e156e5910c3b745f241e58ccd11 e7bc65f3ed23b0fce62f9e18191f384b0c1ec5f09b84bd1d73b6a42b5f17c885e5506bd6dcc8a7e4144fe9476baf8662
CLIENT_RANDOM ba1b899066d8953fc1585cad06783e150fcb8c5ad31aedcee325c99a50d88896 b265704ab816c9dac34dd0bae881d443f0eb9b8c32635f333e31fafb3d2d68cb59d8766966e4d1caf9ef83b7fcd27f6c
CLIENT_RANDOM af18b5d5e1b71b085027faec28671d37bc73112e4dddfc8f5d1fad8e5f13668b 054e8f4652e702b4aaaa8f6783079ea996026cea0517ff06780418519830550541aeb59ed15983cebb6e00e9e7291dc4
CLIENT_RANDOM 6311a3a9f0168e41988b051b6c52f293d99c974175ad30e0e6a3fc439378f6f9 0d2df1138173848657c05ef50ba0f06f8429c537590c6ac81f0ad23525d0171a10ca986c82497e2b31d0fda32370c70a
CLIENT_RANDOM 353b9926a12bc5fc125e02322f1017fc93f28b2dccc28a7c2f259f73ba4f80b1 b8e0cf111b567118f155bc872faad9ff5aa214b5fcba332e1603b5f0a1fef31a79df610dc728a6bb6115d3cc55cb100b
CLIENT_RANDOM 3162baec3868856d1e307773aaee528e7e618ebb4eee1a85fe4a94b598f5ba22 bb4fe3def4a663eb94ed81de83514afbdf6236753259305a27d3ef1ceefa3b9322aedf3099278429e880de3092f3f852
CLIENT_RANDOM d534e2fede579ae08e33754c24b87238aa98260337bb087f7d18fc1f67d80d46 9f71e03fb787c2f5176c5530d423c643b304d89755c014173cf961a635cda8bf29ddcfc91a8eab87ef38602042e18470
CLIENT_RANDOM 75fb0aab27bd6f374eb1208a506860ee349c4e78894960860c61c2e766768180 0d3001d3f82588e37667d15d2bce43cbea41a98a034ac6493257272eff91a4d778d1efba2d996fc1f203e4499c66c608
CLIENT_RANDOM aeb8680485c9651fe6dcdbfa2ae2bcf4c1b6fe8817bac1d5ce97cffa04fd1fb7 8743ce30ec72fd9e790998c0e08592378c5844e03f684d5a9af074187d82e78ea23f2bb90bf3246cfa36c09f5e7cf77b
CLIENT_RANDOM 842353d8bd5b1a002f35f272aa41306cd8ec6afffef73e34b611422cff335542 e27788f502acb5c83ead3463ccc01b5548228ddd47d7b2fc15eec5a55cdfbca48261a384731a42252b241da7949269b6
CLIENT_RANDOM 4aba687c5cba64115e0d2a399307f22b5099ab264f8a18e812f209c13b71a629 59155da6e539dae3900a485ea263b9eb44de8bebd0c8f0b972fd8baf9958ec772effcfefac0c4e5b834e11debea7666e
CLIENT_RANDOM b872241cbddfa3f009ac249b2a4c35201ef15eb42ab7244af80ae022ab90a81c 2f5b1cea8ffc8c169de1fc3412776fb662f5d02674851c1a355b660b57ab39c144534f17e806eb599c5a072e1ef3960e
SERVER_HANDSHAKE_TRAFFIC_SECRET f63c911862f73ecee15ed47bb2f512e564a15162dce56ffe10578969b9b40d82 69c701d309ff83f81f7f5ed3fe0a172cf421954b46f759fe4f8dc95031d83965bb86b58a29978377f889acd6b9b05e08
EXPORTER_SECRET f63c911862f73ecee15ed47bb2f512e564a15162dce56ffe10578969b9b40d82 0e4c1e3ac241aad76c3b85fcd26ac0293ee312fa5872f38ffe4c9d3e847f2c28fb25f8e1dcd4836504f001d604a5b4c4
SERVER_TRAFFIC_SECRET_0 f63c911862f73ecee15ed47bb2f512e564a15162dce56ffe10578969b9b40d82 868d0d035c81fc769be4c26ad570f43cee3742e792ccd9265c045acdecb206423e9139aaca723f67e41ff0ee2269ecc7
CLIENT_HANDSHAKE_TRAFFIC_SECRET f63c911862f73ecee15ed47bb2f512e564a15162dce56ffe10578969b9b40d82 3f8eda1fa880e63f39295132a23833dade5331bb990c05f3a7df041838c9d4a76ee2e6eb2e1fb4e95c178acd31d4d5b8
CLIENT_TRAFFIC_SECRET_0 f63c911862f73ecee15ed47bb2f512e564a15162dce56ffe10578969b9b40d82 fc8cdd224375bbf2b715bfc64d115b536fe09483b48e3c9b63a3c9524476ec0e926091565b753cd7bcae37527d72dff8
SERVER_HANDSHAKE_TRAFFIC_SECRET 8696f95152a0a740a56206ab2c1ae8a20fa5dbc35deb20b82cac521bb2e009ef 65aa8a76f3822139cbb485e7746e48548098838802904fb7dc7479901359ad10cb52d50d7833b54a09797de80f8dc639
EXPORTER_SECRET 8696f95152a0a740a56206ab2c1ae8a20fa5dbc35deb20b82cac521bb2e009ef d9ae69880c12267ab5b05a82a7099014e57ef130f71b5f44844f94513d828d2ca6192a5ff57a04714f09677fe145c422
SERVER_TRAFFIC_SECRET_0 8696f95152a0a740a56206ab2c1ae8a20fa5dbc35deb20b82cac521bb2e009ef dadd3108f290345f282cad1019e5660e41c888936c3d96f62785e4e1cf20edc6ce803d072bb2dee2ac815a42380fb9fa
CLIENT_HANDSHAKE_TRAFFIC_SECRET 8696f95152a0a740a56206ab2c1ae8a20fa5dbc35deb20b82cac521bb2e009ef 38f3dd34fe0b5465f931afd387d84107350e5e496a41e8dd18191e058641ed49b815a890f82cee8236ca10ceada310dd
CLIENT_TRAFFIC_SECRET_0 8696f95152a0a740a56206ab2c1ae8a20fa5dbc35deb20b82cac521bb2e009ef 0a386acf0af98c38f81ec0c73ba14b63643a894c4b6a4afec7ca34b042a5eec3d23d5dd8e266e37dbf70425a2a5ad076
